[ 2015-06-07T17:47:32+08:00 ] 127.0.0.1 /admin
INFO: [ app_init ] --START--
INFO: Run Behavior\BuildLiteBehavior [ RunTime:0.000000s ]
INFO: [ app_init ] --END-- [ RunTime:0.001000s ]
ERR: 无法加载控制器:Index

[ 2015-06-07T17:47:57+08:00 ] 127.0.0.1 /admin/main
INFO: [ app_init ] --START--
INFO: Run Behavior\BuildLiteBehavior [ RunTime:0.000000s ]
INFO: [ app_init ] --END-- [ RunTime:0.001000s ]

[ 2015-06-07T17:48:04+08:00 ] 127.0.0.1 /index.php?m=admin&c=category&a=list
INFO: [ app_init ] --START--
INFO: Run Behavior\BuildLiteBehavior [ RunTime:0.000000s ]
INFO: [ app_init ] --END-- [ RunTime:0.001000s ]

[ 2015-06-07T17:48:11+08:00 ] 127.0.0.1 /index.php?m=admin&c=article&a=list
INFO: [ app_init ] --START--
INFO: Run Behavior\BuildLiteBehavior [ RunTime:0.000000s ]
INFO: [ app_init ] --END-- [ RunTime:0.001000s ]

[ 2015-06-07T17:48:11+08:00 ] 127.0.0.1 /index.php?m=admin&c=article&a=list
INFO: [ app_init ] --START--
INFO: Run Behavior\BuildLiteBehavior [ RunTime:0.000000s ]
INFO: [ app_init ] --END-- [ RunTime:0.001000s ]
INFO: [ app_begin ] --START--
INFO: Run Behavior\ReadHtmlCacheBehavior [ RunTime:0.001000s ]
INFO: Run Behavior\CheckLangBehavior [ RunTime:0.003000s ]
INFO: [ app_begin ] --END-- [ RunTime:0.005000s ]
SQL: SHOW COLUMNS FROM `my_article` [ RunTime:0.0060s ]
SQL: SHOW COLUMNS FROM `my_article` [ RunTime:0.0060s ]
SQL: SELECT a.id,a.article_title,a.sort_id,a.click,a.add_time,a.a_hot,b.cate_name FROM my_article a left join my_category as b on b.id = a.sort_id  LIMIT 0,6   [ RunTime:0.0000s ]

[ 2015-06-07T17:48:16+08:00 ] 127.0.0.1 /index.php?m=admin&c=article&a=list
INFO: [ app_init ] --START--
INFO: Run Behavior\BuildLiteBehavior [ RunTime:0.000000s ]
INFO: [ app_init ] --END-- [ RunTime:0.000000s ]

[ 2015-06-07T17:48:16+08:00 ] 127.0.0.1 /index.php?m=admin&c=article&a=list
INFO: [ app_init ] --START--
INFO: Run Behavior\BuildLiteBehavior [ RunTime:0.000000s ]
INFO: [ app_init ] --END-- [ RunTime:0.001000s ]
INFO: [ app_begin ] --START--
INFO: Run Behavior\ReadHtmlCacheBehavior [ RunTime:0.001000s ]
INFO: Run Behavior\CheckLangBehavior [ RunTime:0.002000s ]
INFO: [ app_begin ] --END-- [ RunTime:0.003000s ]
SQL: SHOW COLUMNS FROM `my_article` [ RunTime:0.0040s ]
SQL: SHOW COLUMNS FROM `my_article` [ RunTime:0.0060s ]
SQL: SELECT a.id,a.article_title,a.sort_id,a.click,a.add_time,a.a_hot,b.cate_name FROM my_article a left join my_category as b on b.id = a.sort_id  LIMIT 0,6   [ RunTime:0.0010s ]

[ 2015-06-07T17:48:18+08:00 ] 127.0.0.1 /index.php?m=admin&c=setting&a=index
INFO: [ app_init ] --START--
INFO: Run Behavior\BuildLiteBehavior [ RunTime:0.000000s ]
INFO: [ app_init ] --END-- [ RunTime:0.001000s ]

[ 2015-06-07T17:48:20+08:00 ] 127.0.0.1 /index.php?m=admin&c=article&a=list
INFO: [ app_init ] --START--
INFO: Run Behavior\BuildLiteBehavior [ RunTime:0.000000s ]
INFO: [ app_init ] --END-- [ RunTime:0.000000s ]

[ 2015-06-07T17:48:20+08:00 ] 127.0.0.1 /index.php?m=admin&c=article&a=list
INFO: [ app_init ] --START--
INFO: Run Behavior\BuildLiteBehavior [ RunTime:0.000000s ]
INFO: [ app_init ] --END-- [ RunTime:0.001000s ]
INFO: [ app_begin ] --START--
INFO: Run Behavior\ReadHtmlCacheBehavior [ RunTime:0.002000s ]
INFO: Run Behavior\CheckLangBehavior [ RunTime:0.002000s ]
INFO: [ app_begin ] --END-- [ RunTime:0.004000s ]
SQL: SHOW COLUMNS FROM `my_article` [ RunTime:0.0050s ]
SQL: SHOW COLUMNS FROM `my_article` [ RunTime:0.0060s ]
SQL: SELECT a.id,a.article_title,a.sort_id,a.click,a.add_time,a.a_hot,b.cate_name FROM my_article a left join my_category as b on b.id = a.sort_id  LIMIT 0,6   [ RunTime:0.0010s ]

[ 2015-06-07T17:48:24+08:00 ] 127.0.0.1 /index.php?m=admin&c=article&a=list
INFO: [ app_init ] --START--
INFO: Run Behavior\BuildLiteBehavior [ RunTime:0.000000s ]
INFO: [ app_init ] --END-- [ RunTime:0.000000s ]

[ 2015-06-07T17:48:24+08:00 ] 127.0.0.1 /index.php?m=admin&c=article&a=list
INFO: [ app_init ] --START--
INFO: Run Behavior\BuildLiteBehavior [ RunTime:0.000000s ]
INFO: [ app_init ] --END-- [ RunTime:0.001000s ]
INFO: [ app_begin ] --START--
INFO: Run Behavior\ReadHtmlCacheBehavior [ RunTime:0.001000s ]
INFO: Run Behavior\CheckLangBehavior [ RunTime:0.003000s ]
INFO: [ app_begin ] --END-- [ RunTime:0.004000s ]
SQL: SHOW COLUMNS FROM `my_article` [ RunTime:0.0050s ]
SQL: SHOW COLUMNS FROM `my_article` [ RunTime:0.0050s ]
SQL: SELECT a.id,a.article_title,a.sort_id,a.click,a.add_time,a.a_hot,b.cate_name FROM my_article a left join my_category as b on b.id = a.sort_id  LIMIT 0,6   [ RunTime:0.0010s ]

[ 2015-06-07T17:48:26+08:00 ] 127.0.0.1 /index.php?m=admin&c=setting&a=index
INFO: [ app_init ] --START--
INFO: Run Behavior\BuildLiteBehavior [ RunTime:0.000000s ]
INFO: [ app_init ] --END-- [ RunTime:0.001000s ]

[ 2015-06-07T17:48:36+08:00 ] 127.0.0.1 /index.php?m=admin&c=comment&a=list
INFO: [ app_init ] --START--
INFO: Run Behavior\BuildLiteBehavior [ RunTime:0.000000s ]
INFO: [ app_init ] --END-- [ RunTime:0.000000s ]

[ 2015-06-07T17:48:40+08:00 ] 127.0.0.1 /index.php?m=admin&c=comment&a=up
INFO: [ app_init ] --START--
INFO: Run Behavior\BuildLiteBehavior [ RunTime:0.000000s ]
INFO: [ app_init ] --END-- [ RunTime:0.001000s ]
INFO: [ app_begin ] --START--
INFO: Run Behavior\ReadHtmlCacheBehavior [ RunTime:0.001000s ]
INFO: Run Behavior\CheckLangBehavior [ RunTime:0.001001s ]
INFO: [ app_begin ] --END-- [ RunTime:0.002001s ]
SQL: SHOW COLUMNS FROM `my_comment` [ RunTime:0.0030s ]
SQL: UPDATE `my_comment` SET `status`='0' WHERE `id` IN ('2') [ RunTime:0.0000s ]

[ 2015-06-07T17:48:43+08:00 ] 127.0.0.1 /index.php?m=admin&c=comment&a=up
INFO: [ app_init ] --START--
INFO: Run Behavior\BuildLiteBehavior [ RunTime:0.001000s ]
INFO: [ app_init ] --END-- [ RunTime:0.001000s ]
INFO: [ app_begin ] --START--
INFO: Run Behavior\ReadHtmlCacheBehavior [ RunTime:0.001000s ]
INFO: Run Behavior\CheckLangBehavior [ RunTime:0.002000s ]
INFO: [ app_begin ] --END-- [ RunTime:0.003000s ]
SQL: SHOW COLUMNS FROM `my_comment` [ RunTime:0.0030s ]
SQL: UPDATE `my_comment` SET `status`='1' WHERE `id` IN ('2') [ RunTime:0.0000s ]

[ 2015-06-07T17:48:51+08:00 ] 127.0.0.1 /index.php?m=admin&c=comment&a=reply
INFO: [ app_init ] --START--
INFO: Run Behavior\BuildLiteBehavior [ RunTime:0.000000s ]
INFO: [ app_init ] --END-- [ RunTime:0.001000s ]
INFO: [ app_begin ] --START--
INFO: Run Behavior\ReadHtmlCacheBehavior [ RunTime:0.001000s ]
INFO: Run Behavior\CheckLangBehavior [ RunTime:0.002000s ]
INFO: [ app_begin ] --END-- [ RunTime:0.003000s ]
SQL: SHOW COLUMNS FROM `my_comment` [ RunTime:0.0090s ]
SQL: UPDATE `my_comment` SET `reply`='2123' WHERE `id` = 2 [ RunTime:0.0010s ]

[ 2015-06-07T17:49:00+08:00 ] 127.0.0.1 /index.php?m=admin&c=comment&a=reply
INFO: [ app_init ] --START--
INFO: Run Behavior\BuildLiteBehavior [ RunTime:0.000000s ]
INFO: [ app_init ] --END-- [ RunTime:0.001000s ]
INFO: [ app_begin ] --START--
INFO: Run Behavior\ReadHtmlCacheBehavior [ RunTime:0.002000s ]
INFO: Run Behavior\CheckLangBehavior [ RunTime:0.003000s ]
INFO: [ app_begin ] --END-- [ RunTime:0.006000s ]
SQL: SHOW COLUMNS FROM `my_comment` [ RunTime:0.0040s ]
SQL: UPDATE `my_comment` SET `reply`='33333333333333333' WHERE `id` = 2 [ RunTime:0.0010s ]

