[ 2015-06-01T17:15:05+08:00 ] 127.0.0.1 /admin/main
INFO: [ app_init ] --START--
INFO: Run Behavior\BuildLiteBehavior [ RunTime:0.000000s ]
INFO: [ app_init ] --END-- [ RunTime:0.009000s ]
ERR: SQLSTATE[HY000] [2002] ÓÉÓÚÄ¿±ê¼ÆËã»ú»ý¼«¾Ü¾ø£¬ÎÞ·¨Á¬½Ó¡£


[ 2015-06-01T17:15:14+08:00 ] 127.0.0.1 /admin/main
INFO: [ app_init ] --START--
INFO: Run Behavior\BuildLiteBehavior [ RunTime:0.000000s ]
INFO: [ app_init ] --END-- [ RunTime:0.001000s ]
ERR: SQLSTATE[HY000] [2002] ÓÉÓÚÄ¿±ê¼ÆËã»ú»ý¼«¾Ü¾ø£¬ÎÞ·¨Á¬½Ó¡£


[ 2015-06-01T17:15:18+08:00 ] 127.0.0.1 /admin/main
INFO: [ app_init ] --START--
INFO: Run Behavior\BuildLiteBehavior [ RunTime:0.000000s ]
INFO: [ app_init ] --END-- [ RunTime:0.001000s ]

[ 2015-06-01T17:15:22+08:00 ] 127.0.0.1 /admin/article/list.html
INFO: [ app_init ] --START--
INFO: Run Behavior\BuildLiteBehavior [ RunTime:0.000000s ]
INFO: [ app_init ] --END-- [ RunTime:0.000000s ]

[ 2015-06-01T17:15:23+08:00 ] 127.0.0.1 /admin/article/list.html
INFO: [ app_init ] --START--
INFO: Run Behavior\BuildLiteBehavior [ RunTime:0.000000s ]
INFO: [ app_init ] --END-- [ RunTime:0.001001s ]
INFO: [ app_begin ] --START--
INFO: Run Behavior\ReadHtmlCacheBehavior [ RunTime:0.001000s ]
INFO: Run Behavior\CheckLangBehavior [ RunTime:0.002000s ]
INFO: [ app_begin ] --END-- [ RunTime:0.003000s ]
SQL: SHOW COLUMNS FROM `my_article` [ RunTime:0.0290s ]
SQL: SHOW COLUMNS FROM `my_article` [ RunTime:0.0040s ]
SQL: SELECT a.id,a.article_title,a.sort_id,a.click,a.add_time,a.a_hot,b.cate_name FROM my_article a left join my_category as b on b.id = a.sort_id  LIMIT 0,6   [ RunTime:0.0010s ]

[ 2015-06-01T17:20:19+08:00 ] 127.0.0.1 /admin/article/edit/id/1.html
INFO: [ app_init ] --START--
INFO: Run Behavior\BuildLiteBehavior [ RunTime:0.000000s ]
INFO: [ app_init ] --END-- [ RunTime:0.000000s ]

[ 2015-06-01T17:20:24+08:00 ] 127.0.0.1 /admin/article/edit/id/1.html
INFO: [ app_init ] --START--
INFO: Run Behavior\BuildLiteBehavior [ RunTime:0.000000s ]
INFO: [ app_init ] --END-- [ RunTime:0.001000s ]

[ 2015-06-01T17:20:31+08:00 ] 127.0.0.1 /admin/article/edit/id/1.html
INFO: [ app_init ] --START--
INFO: Run Behavior\BuildLiteBehavior [ RunTime:0.000000s ]
INFO: [ app_init ] --END-- [ RunTime:0.001001s ]

[ 2015-06-01T17:20:32+08:00 ] 127.0.0.1 /admin/article/list.html
INFO: [ app_init ] --START--
INFO: Run Behavior\BuildLiteBehavior [ RunTime:0.000000s ]
INFO: [ app_init ] --END-- [ RunTime:0.001000s ]

[ 2015-06-01T17:20:32+08:00 ] 127.0.0.1 /admin/article/list.html
INFO: [ app_init ] --START--
INFO: Run Behavior\BuildLiteBehavior [ RunTime:0.000000s ]
INFO: [ app_init ] --END-- [ RunTime:0.000000s ]
INFO: [ app_begin ] --START--
INFO: Run Behavior\ReadHtmlCacheBehavior [ RunTime:0.000000s ]
INFO: Run Behavior\CheckLangBehavior [ RunTime:0.002000s ]
INFO: [ app_begin ] --END-- [ RunTime:0.002000s ]
SQL: SHOW COLUMNS FROM `my_article` [ RunTime:0.0040s ]
SQL: SHOW COLUMNS FROM `my_article` [ RunTime:0.0040s ]
SQL: SELECT a.id,a.article_title,a.sort_id,a.click,a.add_time,a.a_hot,b.cate_name FROM my_article a left join my_category as b on b.id = a.sort_id  LIMIT 0,6   [ RunTime:0.0000s ]

[ 2015-06-01T17:20:35+08:00 ] 127.0.0.1 /admin/article/edit/id/1.html
INFO: [ app_init ] --START--
INFO: Run Behavior\BuildLiteBehavior [ RunTime:0.000000s ]
INFO: [ app_init ] --END-- [ RunTime:0.001000s ]

[ 2015-06-01T17:20:37+08:00 ] 127.0.0.1 /admin/article/edit/id/1.html
INFO: [ app_init ] --START--
INFO: Run Behavior\BuildLiteBehavior [ RunTime:0.000000s ]
INFO: [ app_init ] --END-- [ RunTime:0.001000s ]

[ 2015-06-01T17:21:26+08:00 ] 127.0.0.1 /admin/article/edit/id/1.html
INFO: [ app_init ] --START--
INFO: Run Behavior\BuildLiteBehavior [ RunTime:0.000000s ]
INFO: [ app_init ] --END-- [ RunTime:0.001000s ]

[ 2015-06-01T17:21:57+08:00 ] 127.0.0.1 /admin/article/edit/id/1.html
INFO: [ app_init ] --START--
INFO: Run Behavior\BuildLiteBehavior [ RunTime:0.000000s ]
INFO: [ app_init ] --END-- [ RunTime:0.000000s ]

[ 2015-06-01T17:21:58+08:00 ] 127.0.0.1 /admin/article/list.html
INFO: [ app_init ] --START--
INFO: Run Behavior\BuildLiteBehavior [ RunTime:0.000000s ]
INFO: [ app_init ] --END-- [ RunTime:0.001000s ]

[ 2015-06-01T17:21:58+08:00 ] 127.0.0.1 /admin/article/list.html
INFO: [ app_init ] --START--
INFO: Run Behavior\BuildLiteBehavior [ RunTime:0.000000s ]
INFO: [ app_init ] --END-- [ RunTime:0.001001s ]
INFO: [ app_begin ] --START--
INFO: Run Behavior\ReadHtmlCacheBehavior [ RunTime:0.001000s ]
INFO: Run Behavior\CheckLangBehavior [ RunTime:0.002000s ]
INFO: [ app_begin ] --END-- [ RunTime:0.003000s ]
SQL: SHOW COLUMNS FROM `my_article` [ RunTime:0.0030s ]
SQL: SHOW COLUMNS FROM `my_article` [ RunTime:0.0030s ]
SQL: SELECT a.id,a.article_title,a.sort_id,a.click,a.add_time,a.a_hot,b.cate_name FROM my_article a left join my_category as b on b.id = a.sort_id  LIMIT 0,6   [ RunTime:0.0000s ]

[ 2015-06-01T17:22:00+08:00 ] 127.0.0.1 /admin/article/edit/id/1.html
INFO: [ app_init ] --START--
INFO: Run Behavior\BuildLiteBehavior [ RunTime:0.000000s ]
INFO: [ app_init ] --END-- [ RunTime:0.002000s ]

[ 2015-06-01T17:22:03+08:00 ] 127.0.0.1 /admin/article/edit/id/1.html
INFO: [ app_init ] --START--
INFO: Run Behavior\BuildLiteBehavior [ RunTime:0.000000s ]
INFO: [ app_init ] --END-- [ RunTime:0.000000s ]

[ 2015-06-01T17:22:04+08:00 ] 127.0.0.1 /admin/article/list.html
INFO: [ app_init ] --START--
INFO: Run Behavior\BuildLiteBehavior [ RunTime:0.000000s ]
INFO: [ app_init ] --END-- [ RunTime:0.001000s ]

[ 2015-06-01T17:22:05+08:00 ] 127.0.0.1 /admin/article/list.html
INFO: [ app_init ] --START--
INFO: Run Behavior\BuildLiteBehavior [ RunTime:0.000000s ]
INFO: [ app_init ] --END-- [ RunTime:0.000000s ]
INFO: [ app_begin ] --START--
INFO: Run Behavior\ReadHtmlCacheBehavior [ RunTime:0.001000s ]
INFO: Run Behavior\CheckLangBehavior [ RunTime:0.001000s ]
INFO: [ app_begin ] --END-- [ RunTime:0.003000s ]
SQL: SHOW COLUMNS FROM `my_article` [ RunTime:0.0040s ]
SQL: SHOW COLUMNS FROM `my_article` [ RunTime:0.0030s ]
SQL: SELECT a.id,a.article_title,a.sort_id,a.click,a.add_time,a.a_hot,b.cate_name FROM my_article a left join my_category as b on b.id = a.sort_id  LIMIT 0,6   [ RunTime:0.0000s ]

[ 2015-06-01T17:22:24+08:00 ] 127.0.0.1 /admin/article/edit/id/1.html
INFO: [ app_init ] --START--
INFO: Run Behavior\BuildLiteBehavior [ RunTime:0.000000s ]
INFO: [ app_init ] --END-- [ RunTime:0.001000s ]

[ 2015-06-01T17:22:26+08:00 ] 127.0.0.1 /admin/article/edit/id/1.html
INFO: [ app_init ] --START--
INFO: Run Behavior\BuildLiteBehavior [ RunTime:0.000000s ]
INFO: [ app_init ] --END-- [ RunTime:0.001000s ]

[ 2015-06-01T17:22:30+08:00 ] 127.0.0.1 /admin/article/edit/id/1.html
INFO: [ app_init ] --START--
INFO: Run Behavior\BuildLiteBehavior [ RunTime:0.000000s ]
INFO: [ app_init ] --END-- [ RunTime:0.001000s ]

[ 2015-06-01T17:22:58+08:00 ] 127.0.0.1 /admin/article/list.html
INFO: [ app_init ] --START--
INFO: Run Behavior\BuildLiteBehavior [ RunTime:0.000000s ]
INFO: [ app_init ] --END-- [ RunTime:0.000000s ]

[ 2015-06-01T17:22:59+08:00 ] 127.0.0.1 /admin/article/list.html
INFO: [ app_init ] --START--
INFO: Run Behavior\BuildLiteBehavior [ RunTime:0.000000s ]
INFO: [ app_init ] --END-- [ RunTime:0.000000s ]
INFO: [ app_begin ] --START--
INFO: Run Behavior\ReadHtmlCacheBehavior [ RunTime:0.001000s ]
INFO: Run Behavior\CheckLangBehavior [ RunTime:0.001000s ]
INFO: [ app_begin ] --END-- [ RunTime:0.002000s ]
SQL: SHOW COLUMNS FROM `my_article` [ RunTime:0.0040s ]
SQL: SHOW COLUMNS FROM `my_article` [ RunTime:0.0040s ]
SQL: SELECT a.id,a.article_title,a.sort_id,a.click,a.add_time,a.a_hot,b.cate_name FROM my_article a left join my_category as b on b.id = a.sort_id  LIMIT 0,6   [ RunTime:0.0000s ]

[ 2015-06-01T17:37:12+08:00 ] 127.0.0.1 /admin/main
INFO: [ app_init ] --START--
INFO: Run Behavior\BuildLiteBehavior [ RunTime:0.000000s ]
INFO: [ app_init ] --END-- [ RunTime:0.001000s ]

[ 2015-06-01T17:37:16+08:00 ] 127.0.0.1 /admin/article/list.html
INFO: [ app_init ] --START--
INFO: Run Behavior\BuildLiteBehavior [ RunTime:0.000000s ]
INFO: [ app_init ] --END-- [ RunTime:0.001000s ]

[ 2015-06-01T17:37:17+08:00 ] 127.0.0.1 /admin/article/list.html
INFO: [ app_init ] --START--
INFO: Run Behavior\BuildLiteBehavior [ RunTime:0.000000s ]
INFO: [ app_init ] --END-- [ RunTime:0.000000s ]
INFO: [ app_begin ] --START--
INFO: Run Behavior\ReadHtmlCacheBehavior [ RunTime:0.000000s ]
INFO: Run Behavior\CheckLangBehavior [ RunTime:0.001000s ]
INFO: [ app_begin ] --END-- [ RunTime:0.002000s ]
SQL: SHOW COLUMNS FROM `my_article` [ RunTime:0.0050s ]
SQL: SHOW COLUMNS FROM `my_article` [ RunTime:0.0050s ]
SQL: SELECT a.id,a.article_title,a.sort_id,a.click,a.add_time,a.a_hot,b.cate_name FROM my_article a left join my_category as b on b.id = a.sort_id  LIMIT 0,6   [ RunTime:0.0000s ]

[ 2015-06-01T17:37:37+08:00 ] 127.0.0.1 /admin/article/edit/id/1.html
INFO: [ app_init ] --START--
INFO: Run Behavior\BuildLiteBehavior [ RunTime:0.000000s ]
INFO: [ app_init ] --END-- [ RunTime:0.000000s ]

[ 2015-06-01T17:37:40+08:00 ] 127.0.0.1 /admin/article/list.html
INFO: [ app_init ] --START--
INFO: Run Behavior\BuildLiteBehavior [ RunTime:0.000000s ]
INFO: [ app_init ] --END-- [ RunTime:0.001000s ]

[ 2015-06-01T17:37:41+08:00 ] 127.0.0.1 /admin/article/list.html
INFO: [ app_init ] --START--
INFO: Run Behavior\BuildLiteBehavior [ RunTime:0.001000s ]
INFO: [ app_init ] --END-- [ RunTime:0.002000s ]
INFO: [ app_begin ] --START--
INFO: Run Behavior\ReadHtmlCacheBehavior [ RunTime:0.003000s ]
INFO: Run Behavior\CheckLangBehavior [ RunTime:0.008001s ]
INFO: [ app_begin ] --END-- [ RunTime:0.012001s ]
SQL: SHOW COLUMNS FROM `my_article` [ RunTime:0.0140s ]
SQL: SHOW COLUMNS FROM `my_article` [ RunTime:0.0160s ]
SQL: SELECT a.id,a.article_title,a.sort_id,a.click,a.add_time,a.a_hot,b.cate_name FROM my_article a left join my_category as b on b.id = a.sort_id  LIMIT 0,6   [ RunTime:0.0020s ]

[ 2015-06-01T17:42:47+08:00 ] 127.0.0.1 /admin/article/edit/id/1.html
INFO: [ app_init ] --START--
INFO: Run Behavior\BuildLiteBehavior [ RunTime:0.000000s ]
INFO: [ app_init ] --END-- [ RunTime:0.000000s ]

[ 2015-06-01T18:00:56+08:00 ] 127.0.0.1 /admin/article/list.html
INFO: [ app_init ] --START--
INFO: Run Behavior\BuildLiteBehavior [ RunTime:0.000000s ]
INFO: [ app_init ] --END-- [ RunTime:0.001000s ]

[ 2015-06-01T18:00:58+08:00 ] 127.0.0.1 /admin/article/list.html
INFO: [ app_init ] --START--
INFO: Run Behavior\BuildLiteBehavior [ RunTime:0.000000s ]
INFO: [ app_init ] --END-- [ RunTime:0.001000s ]
INFO: [ app_begin ] --START--
INFO: Run Behavior\ReadHtmlCacheBehavior [ RunTime:0.001000s ]
INFO: Run Behavior\CheckLangBehavior [ RunTime:0.001000s ]
INFO: [ app_begin ] --END-- [ RunTime:0.002000s ]
SQL: SHOW COLUMNS FROM `my_article` [ RunTime:0.0050s ]
SQL: SHOW COLUMNS FROM `my_article` [ RunTime:0.0040s ]
SQL: SELECT a.id,a.article_title,a.sort_id,a.click,a.add_time,a.a_hot,b.cate_name FROM my_article a left join my_category as b on b.id = a.sort_id  LIMIT 0,6   [ RunTime:0.0010s ]

[ 2015-06-01T18:03:12+08:00 ] 127.0.0.1 /admin/article/list.html
INFO: [ app_init ] --START--
INFO: Run Behavior\BuildLiteBehavior [ RunTime:0.000000s ]
INFO: [ app_init ] --END-- [ RunTime:0.000000s ]

[ 2015-06-01T18:03:15+08:00 ] 127.0.0.1 /admin/article/list.html
INFO: [ app_init ] --START--
INFO: Run Behavior\BuildLiteBehavior [ RunTime:0.000000s ]
INFO: [ app_init ] --END-- [ RunTime:0.002000s ]
INFO: [ app_begin ] --START--
INFO: Run Behavior\ReadHtmlCacheBehavior [ RunTime:0.003001s ]
INFO: Run Behavior\CheckLangBehavior [ RunTime:0.004000s ]
INFO: [ app_begin ] --END-- [ RunTime:0.009001s ]
SQL: SHOW COLUMNS FROM `my_article` [ RunTime:0.0170s ]
SQL: SHOW COLUMNS FROM `my_article` [ RunTime:0.0150s ]
SQL: SELECT a.id,a.article_title,a.sort_id,a.click,a.add_time,a.a_hot,b.cate_name FROM my_article a left join my_category as b on b.id = a.sort_id  LIMIT 0,6   [ RunTime:0.0020s ]

[ 2015-06-01T18:06:43+08:00 ] 127.0.0.1 /admin/article/list.html
INFO: [ app_init ] --START--
INFO: Run Behavior\BuildLiteBehavior [ RunTime:0.000000s ]
INFO: [ app_init ] --END-- [ RunTime:0.000000s ]

[ 2015-06-01T18:06:44+08:00 ] 127.0.0.1 /admin/article/list.html
INFO: [ app_init ] --START--
INFO: Run Behavior\BuildLiteBehavior [ RunTime:0.000000s ]
INFO: [ app_init ] --END-- [ RunTime:0.000000s ]
INFO: [ app_begin ] --START--
INFO: Run Behavior\ReadHtmlCacheBehavior [ RunTime:0.001000s ]
INFO: Run Behavior\CheckLangBehavior [ RunTime:0.002000s ]
INFO: [ app_begin ] --END-- [ RunTime:0.003000s ]
SQL: SHOW COLUMNS FROM `my_article` [ RunTime:0.0040s ]
SQL: SHOW COLUMNS FROM `my_article` [ RunTime:0.0040s ]
SQL: SELECT a.id,a.article_title,a.sort_id,a.click,a.add_time,a.a_hot,b.cate_name FROM my_article a left join my_category as b on b.id = a.sort_id  LIMIT 0,6   [ RunTime:0.0000s ]

[ 2015-06-01T18:08:19+08:00 ] 127.0.0.1 /admin/article/list.html
INFO: [ app_init ] --START--
INFO: Run Behavior\BuildLiteBehavior [ RunTime:0.000000s ]
INFO: [ app_init ] --END-- [ RunTime:0.000000s ]

[ 2015-06-01T18:08:21+08:00 ] 127.0.0.1 /admin/article/list.html
INFO: [ app_init ] --START--
INFO: Run Behavior\BuildLiteBehavior [ RunTime:0.000000s ]
INFO: [ app_init ] --END-- [ RunTime:0.000000s ]
INFO: [ app_begin ] --START--
INFO: Run Behavior\ReadHtmlCacheBehavior [ RunTime:0.000000s ]
INFO: Run Behavior\CheckLangBehavior [ RunTime:0.002000s ]
INFO: [ app_begin ] --END-- [ RunTime:0.002000s ]
SQL: SHOW COLUMNS FROM `my_article` [ RunTime:0.0050s ]
SQL: SHOW COLUMNS FROM `my_article` [ RunTime:0.0050s ]
SQL: SELECT a.id,a.article_title,a.sort_id,a.click,a.add_time,a.a_hot,b.cate_name FROM my_article a left join my_category as b on b.id = a.sort_id  LIMIT 0,6   [ RunTime:0.0010s ]

[ 2015-06-01T18:09:16+08:00 ] 127.0.0.1 /admin/article/list.html
INFO: [ app_init ] --START--
INFO: Run Behavior\BuildLiteBehavior [ RunTime:0.000000s ]
INFO: [ app_init ] --END-- [ RunTime:0.000000s ]

[ 2015-06-01T18:09:17+08:00 ] 127.0.0.1 /admin/article/list.html
INFO: [ app_init ] --START--
INFO: Run Behavior\BuildLiteBehavior [ RunTime:0.000000s ]
INFO: [ app_init ] --END-- [ RunTime:0.001000s ]
INFO: [ app_begin ] --START--
INFO: Run Behavior\ReadHtmlCacheBehavior [ RunTime:0.001000s ]
INFO: Run Behavior\CheckLangBehavior [ RunTime:0.001000s ]
INFO: [ app_begin ] --END-- [ RunTime:0.002000s ]
SQL: SHOW COLUMNS FROM `my_article` [ RunTime:0.0060s ]
SQL: SHOW COLUMNS FROM `my_article` [ RunTime:0.0040s ]
SQL: SELECT a.id,a.article_title,a.sort_id,a.click,a.add_time,a.a_hot,b.cate_name FROM my_article a left join my_category as b on b.id = a.sort_id  LIMIT 0,6   [ RunTime:0.0000s ]

[ 2015-06-01T18:10:48+08:00 ] 127.0.0.1 /admin/article/list.html
INFO: [ app_init ] --START--
INFO: Run Behavior\BuildLiteBehavior [ RunTime:0.000000s ]
INFO: [ app_init ] --END-- [ RunTime:0.003000s ]

[ 2015-06-01T18:10:51+08:00 ] 127.0.0.1 /admin/article/list.html
INFO: [ app_init ] --START--
INFO: Run Behavior\BuildLiteBehavior [ RunTime:0.000000s ]
INFO: [ app_init ] --END-- [ RunTime:0.001000s ]
INFO: [ app_begin ] --START--
INFO: Run Behavior\ReadHtmlCacheBehavior [ RunTime:0.001000s ]
INFO: Run Behavior\CheckLangBehavior [ RunTime:0.002000s ]
INFO: [ app_begin ] --END-- [ RunTime:0.003000s ]
SQL: SHOW COLUMNS FROM `my_article` [ RunTime:0.0050s ]
SQL: SHOW COLUMNS FROM `my_article` [ RunTime:0.0060s ]
SQL: SELECT a.id,a.article_title,a.sort_id,a.click,a.add_time,a.a_hot,b.cate_name FROM my_article a left join my_category as b on b.id = a.sort_id  LIMIT 0,6   [ RunTime:0.0010s ]

[ 2015-06-01T18:10:59+08:00 ] 127.0.0.1 /admin/article/search.html
INFO: [ app_init ] --START--
INFO: Run Behavior\BuildLiteBehavior [ RunTime:0.000000s ]
INFO: [ app_init ] --END-- [ RunTime:0.001000s ]
ERR: SQLSTATE[42S22]: Column not found: 1054 Unknown column 'a.article_title' in 'where clause'

[ 2015-06-01T18:11:56+08:00 ] 127.0.0.1 /admin/article/search.html
INFO: [ app_init ] --START--
INFO: Run Behavior\BuildLiteBehavior [ RunTime:0.000000s ]
INFO: [ app_init ] --END-- [ RunTime:0.001000s ]
ERR: SQLSTATE[42S22]: Column not found: 1054 Unknown column 'a.article_title' in 'where clause'

[ 2015-06-01T18:12:41+08:00 ] 127.0.0.1 /admin/article/list.html
INFO: [ app_init ] --START--
INFO: Run Behavior\BuildLiteBehavior [ RunTime:0.000000s ]
INFO: [ app_init ] --END-- [ RunTime:0.001000s ]

[ 2015-06-01T18:12:42+08:00 ] 127.0.0.1 /admin/article/list.html
INFO: [ app_init ] --START--
INFO: Run Behavior\BuildLiteBehavior [ RunTime:0.000000s ]
INFO: [ app_init ] --END-- [ RunTime:0.001000s ]
INFO: [ app_begin ] --START--
INFO: Run Behavior\ReadHtmlCacheBehavior [ RunTime:0.000000s ]
INFO: Run Behavior\CheckLangBehavior [ RunTime:0.001000s ]
INFO: [ app_begin ] --END-- [ RunTime:0.001000s ]
SQL: SHOW COLUMNS FROM `my_article` [ RunTime:0.0050s ]
SQL: SHOW COLUMNS FROM `my_article` [ RunTime:0.0050s ]
SQL: SELECT a.id,a.article_title,a.sort_id,a.click,a.add_time,a.a_hot,b.cate_name FROM my_article a left join my_category as b on b.id = a.sort_id  LIMIT 0,6   [ RunTime:0.0000s ]

[ 2015-06-01T18:13:26+08:00 ] 127.0.0.1 /admin/article/list.html
INFO: [ app_init ] --START--
INFO: Run Behavior\BuildLiteBehavior [ RunTime:0.000000s ]
INFO: [ app_init ] --END-- [ RunTime:0.000000s ]

[ 2015-06-01T18:13:29+08:00 ] 127.0.0.1 /admin/article/list.html
INFO: [ app_init ] --START--
INFO: Run Behavior\BuildLiteBehavior [ RunTime:0.000000s ]
INFO: [ app_init ] --END-- [ RunTime:0.003001s ]
INFO: [ app_begin ] --START--
INFO: Run Behavior\ReadHtmlCacheBehavior [ RunTime:0.003000s ]
INFO: Run Behavior\CheckLangBehavior [ RunTime:0.003000s ]
INFO: [ app_begin ] --END-- [ RunTime:0.006000s ]
SQL: SHOW COLUMNS FROM `my_article` [ RunTime:0.0120s ]
SQL: SHOW COLUMNS FROM `my_article` [ RunTime:0.0150s ]
SQL: SELECT a.id,a.article_title,a.sort_id,a.click,a.add_time,a.a_hot,b.cate_name FROM my_article a left join my_category as b on b.id = a.sort_id  LIMIT 0,6   [ RunTime:0.0010s ]

[ 2015-06-01T18:13:32+08:00 ] 127.0.0.1 /admin/article/search.html
INFO: [ app_init ] --START--
INFO: Run Behavior\BuildLiteBehavior [ RunTime:0.000000s ]
INFO: [ app_init ] --END-- [ RunTime:0.000000s ]
ERR: SQLSTATE[42S22]: Column not found: 1054 Unknown column 'a.article_title' in 'where clause'

[ 2015-06-01T18:14:26+08:00 ] 127.0.0.1 /admin/article/search.html
INFO: [ app_init ] --START--
INFO: Run Behavior\BuildLiteBehavior [ RunTime:0.000000s ]
INFO: [ app_init ] --END-- [ RunTime:0.001000s ]
ERR: SQLSTATE[42S22]: Column not found: 1054 Unknown column 'a.article_title' in 'where clause'

[ 2015-06-01T18:14:56+08:00 ] 127.0.0.1 /admin/article/search.html
INFO: [ app_init ] --START--
INFO: Run Behavior\BuildLiteBehavior [ RunTime:0.000000s ]
INFO: [ app_init ] --END-- [ RunTime:0.000000s ]

[ 2015-06-01T18:16:00+08:00 ] 127.0.0.1 /admin/article/search.html
INFO: [ app_init ] --START--
INFO: Run Behavior\BuildLiteBehavior [ RunTime:0.000000s ]
INFO: [ app_init ] --END-- [ RunTime:0.001000s ]

[ 2015-06-01T18:16:45+08:00 ] 127.0.0.1 /admin/article/search.html
INFO: [ app_init ] --START--
INFO: Run Behavior\BuildLiteBehavior [ RunTime:0.000000s ]
INFO: [ app_init ] --END-- [ RunTime:0.000000s ]

[ 2015-06-01T18:17:17+08:00 ] 127.0.0.1 /admin/article/search.html
INFO: [ app_init ] --START--
INFO: Run Behavior\BuildLiteBehavior [ RunTime:0.000000s ]
INFO: [ app_init ] --END-- [ RunTime:0.000000s ]

[ 2015-06-01T18:17:37+08:00 ] 127.0.0.1 /admin/article/search.html
INFO: [ app_init ] --START--
INFO: Run Behavior\BuildLiteBehavior [ RunTime:0.000000s ]
INFO: [ app_init ] --END-- [ RunTime:0.001000s ]

[ 2015-06-01T18:17:53+08:00 ] 127.0.0.1 /admin/article/search.html
INFO: [ app_init ] --START--
INFO: Run Behavior\BuildLiteBehavior [ RunTime:0.001000s ]
INFO: [ app_init ] --END-- [ RunTime:0.001000s ]

[ 2015-06-01T18:18:02+08:00 ] 127.0.0.1 /admin/article/search.html
INFO: [ app_init ] --START--
INFO: Run Behavior\BuildLiteBehavior [ RunTime:0.000000s ]
INFO: [ app_init ] --END-- [ RunTime:0.000000s ]
ERR: SQLSTATE[42S22]: Column not found: 1054 Unknown column 'a.article_title' in 'where clause'

[ 2015-06-01T18:18:47+08:00 ] 127.0.0.1 /admin/article/search.html
INFO: [ app_init ] --START--
INFO: Run Behavior\BuildLiteBehavior [ RunTime:0.000000s ]
INFO: [ app_init ] --END-- [ RunTime:0.001000s ]

[ 2015-06-01T18:20:07+08:00 ] 127.0.0.1 /admin/article/search.html
INFO: [ app_init ] --START--
INFO: Run Behavior\BuildLiteBehavior [ RunTime:0.000000s ]
INFO: [ app_init ] --END-- [ RunTime:0.001000s ]
ERR: SQLSTATE[42S22]: Column not found: 1054 Unknown column 'a.article_title' in 'where clause'

[ 2015-06-01T18:21:15+08:00 ] 127.0.0.1 /admin/article/search.html
INFO: [ app_init ] --START--
INFO: Run Behavior\BuildLiteBehavior [ RunTime:0.000000s ]
INFO: [ app_init ] --END-- [ RunTime:0.001000s ]
ERR: SQLSTATE[42S22]: Column not found: 1054 Unknown column 'a.article_title' in 'where clause'

[ 2015-06-01T18:21:26+08:00 ] 127.0.0.1 /admin/article/search.html
INFO: [ app_init ] --START--
INFO: Run Behavior\BuildLiteBehavior [ RunTime:0.000000s ]
INFO: [ app_init ] --END-- [ RunTime:0.001000s ]

[ 2015-06-01T18:22:05+08:00 ] 127.0.0.1 /admin/article/search.html
INFO: [ app_init ] --START--
INFO: Run Behavior\BuildLiteBehavior [ RunTime:0.000000s ]
INFO: [ app_init ] --END-- [ RunTime:0.000000s ]

[ 2015-06-01T18:25:46+08:00 ] 127.0.0.1 /admin/article/search.html
INFO: [ app_init ] --START--
INFO: Run Behavior\BuildLiteBehavior [ RunTime:0.000000s ]
INFO: [ app_init ] --END-- [ RunTime:0.001000s ]

[ 2015-06-01T18:26:41+08:00 ] 127.0.0.1 /admin/article/search.html
INFO: [ app_init ] --START--
INFO: Run Behavior\BuildLiteBehavior [ RunTime:0.000000s ]
INFO: [ app_init ] --END-- [ RunTime:0.001000s ]

[ 2015-06-01T18:26:45+08:00 ] 127.0.0.1 /admin/article/search.html
INFO: [ app_init ] --START--
INFO: Run Behavior\BuildLiteBehavior [ RunTime:0.001000s ]
INFO: [ app_init ] --END-- [ RunTime:0.002000s ]

[ 2015-06-01T18:27:23+08:00 ] 127.0.0.1 /admin/article/search.html
INFO: [ app_init ] --START--
INFO: Run Behavior\BuildLiteBehavior [ RunTime:0.000000s ]
INFO: [ app_init ] --END-- [ RunTime:0.001000s ]

[ 2015-06-01T18:27:27+08:00 ] 127.0.0.1 /admin/article/search.html
INFO: [ app_init ] --START--
INFO: Run Behavior\BuildLiteBehavior [ RunTime:0.000000s ]
INFO: [ app_init ] --END-- [ RunTime:0.002000s ]

[ 2015-06-01T18:29:42+08:00 ] 127.0.0.1 /admin/article/search.html
INFO: [ app_init ] --START--
INFO: Run Behavior\BuildLiteBehavior [ RunTime:0.000000s ]
INFO: [ app_init ] --END-- [ RunTime:0.000000s ]

[ 2015-06-01T18:29:56+08:00 ] 127.0.0.1 /admin/article/list.html
INFO: [ app_init ] --START--
INFO: Run Behavior\BuildLiteBehavior [ RunTime:0.000000s ]
INFO: [ app_init ] --END-- [ RunTime:0.002000s ]

[ 2015-06-01T18:31:44+08:00 ] 127.0.0.1 /admin/article/list.html
INFO: [ app_init ] --START--
INFO: Run Behavior\BuildLiteBehavior [ RunTime:0.000000s ]
INFO: [ app_init ] --END-- [ RunTime:0.002000s ]

[ 2015-06-01T18:32:18+08:00 ] 127.0.0.1 /admin/article/list.html
INFO: [ app_init ] --START--
INFO: Run Behavior\BuildLiteBehavior [ RunTime:0.000000s ]
INFO: [ app_init ] --END-- [ RunTime:0.001000s ]

[ 2015-06-01T18:32:19+08:00 ] 127.0.0.1 /admin/article/list.html
INFO: [ app_init ] --START--
INFO: Run Behavior\BuildLiteBehavior [ RunTime:0.000000s ]
INFO: [ app_init ] --END-- [ RunTime:0.001000s ]
INFO: [ app_begin ] --START--
INFO: Run Behavior\ReadHtmlCacheBehavior [ RunTime:0.001000s ]
INFO: Run Behavior\CheckLangBehavior [ RunTime:0.002000s ]
INFO: [ app_begin ] --END-- [ RunTime:0.003000s ]
SQL: SHOW COLUMNS FROM `my_article` [ RunTime:0.0060s ]
SQL: SHOW COLUMNS FROM `my_article` [ RunTime:0.0060s ]
SQL: SELECT a.id,a.article_title,a.sort_id,a.click,a.add_time,a.a_hot,b.cate_name FROM my_article a left join my_category as b on b.id = a.sort_id  LIMIT 0,6   [ RunTime:0.0000s ]

[ 2015-06-01T18:32:23+08:00 ] 127.0.0.1 /admin/article/search.html
INFO: [ app_init ] --START--
INFO: Run Behavior\BuildLiteBehavior [ RunTime:0.000000s ]
INFO: [ app_init ] --END-- [ RunTime:0.001000s ]

[ 2015-06-01T18:33:08+08:00 ] 127.0.0.1 /admin/article/search.html
INFO: [ app_init ] --START--
INFO: Run Behavior\BuildLiteBehavior [ RunTime:0.000000s ]
INFO: [ app_init ] --END-- [ RunTime:0.000000s ]

[ 2015-06-01T18:33:32+08:00 ] 127.0.0.1 /admin/article/search.html
INFO: [ app_init ] --START--
INFO: Run Behavior\BuildLiteBehavior [ RunTime:0.000000s ]
INFO: [ app_init ] --END-- [ RunTime:0.001000s ]

[ 2015-06-01T18:33:47+08:00 ] 127.0.0.1 /admin/article/search.html
INFO: [ app_init ] --START--
INFO: Run Behavior\BuildLiteBehavior [ RunTime:0.000000s ]
INFO: [ app_init ] --END-- [ RunTime:0.003000s ]

[ 2015-06-01T18:34:47+08:00 ] 127.0.0.1 /admin/article/search.html
INFO: [ app_init ] --START--
INFO: Run Behavior\BuildLiteBehavior [ RunTime:0.000000s ]
INFO: [ app_init ] --END-- [ RunTime:0.001000s ]

[ 2015-06-01T18:37:02+08:00 ] 127.0.0.1 /admin/article/search.html
INFO: [ app_init ] --START--
INFO: Run Behavior\BuildLiteBehavior [ RunTime:0.000000s ]
INFO: [ app_init ] --END-- [ RunTime:0.002000s ]

[ 2015-06-01T18:38:31+08:00 ] 127.0.0.1 /admin/article/search.html
INFO: [ app_init ] --START--
INFO: Run Behavior\BuildLiteBehavior [ RunTime:0.001000s ]
INFO: [ app_init ] --END-- [ RunTime:0.002000s ]

[ 2015-06-01T18:38:32+08:00 ] 127.0.0.1 /admin/article/list.html
INFO: [ app_init ] --START--
INFO: Run Behavior\BuildLiteBehavior [ RunTime:0.000000s ]
INFO: [ app_init ] --END-- [ RunTime:0.000000s ]
INFO: [ app_begin ] --START--
INFO: Run Behavior\ReadHtmlCacheBehavior [ RunTime:0.001000s ]
INFO: Run Behavior\CheckLangBehavior [ RunTime:0.002000s ]
INFO: [ app_begin ] --END-- [ RunTime:0.003000s ]
SQL: SHOW COLUMNS FROM `my_article` [ RunTime:0.0040s ]
SQL: SHOW COLUMNS FROM `my_article` [ RunTime:0.0040s ]
SQL: SELECT a.id,a.article_title,a.sort_id,a.click,a.add_time,a.a_hot,b.cate_name FROM my_article a left join my_category as b on b.id = a.sort_id  LIMIT 0,6   [ RunTime:0.0010s ]

[ 2015-06-01T18:38:39+08:00 ] 127.0.0.1 /admin/article/search.html
INFO: [ app_init ] --START--
INFO: Run Behavior\BuildLiteBehavior [ RunTime:0.000000s ]
INFO: [ app_init ] --END-- [ RunTime:0.001000s ]

[ 2015-06-01T18:38:42+08:00 ] 127.0.0.1 /admin/article/list.html
INFO: [ app_init ] --START--
INFO: Run Behavior\BuildLiteBehavior [ RunTime:0.000000s ]
INFO: [ app_init ] --END-- [ RunTime:0.002000s ]
INFO: [ app_begin ] --START--
INFO: Run Behavior\ReadHtmlCacheBehavior [ RunTime:0.003000s ]
INFO: Run Behavior\CheckLangBehavior [ RunTime:0.004000s ]
INFO: [ app_begin ] --END-- [ RunTime:0.009000s ]
SQL: SHOW COLUMNS FROM `my_article` [ RunTime:0.0130s ]
SQL: SHOW COLUMNS FROM `my_article` [ RunTime:0.0120s ]
SQL: SELECT a.id,a.article_title,a.sort_id,a.click,a.add_time,a.a_hot,b.cate_name FROM my_article a left join my_category as b on b.id = a.sort_id  LIMIT 0,6   [ RunTime:0.0010s ]

[ 2015-06-01T18:38:50+08:00 ] 127.0.0.1 /admin/article/add.html
INFO: [ app_init ] --START--
INFO: Run Behavior\BuildLiteBehavior [ RunTime:0.000000s ]
INFO: [ app_init ] --END-- [ RunTime:0.001000s ]

[ 2015-06-01T18:39:45+08:00 ] 127.0.0.1 /admin/article/add.html
INFO: [ app_init ] --START--
INFO: Run Behavior\BuildLiteBehavior [ RunTime:0.000000s ]
INFO: [ app_init ] --END-- [ RunTime:0.002001s ]

[ 2015-06-01T18:39:47+08:00 ] 127.0.0.1 /admin/article/list.html
INFO: [ app_init ] --START--
INFO: Run Behavior\BuildLiteBehavior [ RunTime:0.000000s ]
INFO: [ app_init ] --END-- [ RunTime:0.001001s ]

[ 2015-06-01T18:39:48+08:00 ] 127.0.0.1 /admin/article/list.html
INFO: [ app_init ] --START--
INFO: Run Behavior\BuildLiteBehavior [ RunTime:0.000000s ]
INFO: [ app_init ] --END-- [ RunTime:0.001000s ]
INFO: [ app_begin ] --START--
INFO: Run Behavior\ReadHtmlCacheBehavior [ RunTime:0.002001s ]
INFO: Run Behavior\CheckLangBehavior [ RunTime:0.001000s ]
INFO: [ app_begin ] --END-- [ RunTime:0.003001s ]
SQL: SHOW COLUMNS FROM `my_article` [ RunTime:0.0050s ]
SQL: SHOW COLUMNS FROM `my_article` [ RunTime:0.0040s ]
SQL: SELECT a.id,a.article_title,a.sort_id,a.click,a.add_time,a.a_hot,b.cate_name FROM my_article a left join my_category as b on b.id = a.sort_id  LIMIT 0,6   [ RunTime:0.0000s ]

[ 2015-06-01T18:39:52+08:00 ] 127.0.0.1 /admin/article/search.html
INFO: [ app_init ] --START--
INFO: Run Behavior\BuildLiteBehavior [ RunTime:0.000000s ]
INFO: [ app_init ] --END-- [ RunTime:0.002000s ]

[ 2015-06-01T18:39:54+08:00 ] 127.0.0.1 /admin/article/list.html
INFO: [ app_init ] --START--
INFO: Run Behavior\BuildLiteBehavior [ RunTime:0.000000s ]
INFO: [ app_init ] --END-- [ RunTime:0.001000s ]
INFO: [ app_begin ] --START--
INFO: Run Behavior\ReadHtmlCacheBehavior [ RunTime:0.001000s ]
INFO: Run Behavior\CheckLangBehavior [ RunTime:0.002000s ]
INFO: [ app_begin ] --END-- [ RunTime:0.003000s ]
SQL: SHOW COLUMNS FROM `my_article` [ RunTime:0.0050s ]
SQL: SHOW COLUMNS FROM `my_article` [ RunTime:0.0050s ]
SQL: SELECT a.id,a.article_title,a.sort_id,a.click,a.add_time,a.a_hot,b.cate_name FROM my_article a left join my_category as b on b.id = a.sort_id  LIMIT 0,6   [ RunTime:0.0000s ]

[ 2015-06-01T18:41:50+08:00 ] 127.0.0.1 /admin/article/search.html
INFO: [ app_init ] --START--
INFO: Run Behavior\BuildLiteBehavior [ RunTime:0.000000s ]
INFO: [ app_init ] --END-- [ RunTime:0.002000s ]

[ 2015-06-01T18:41:52+08:00 ] 127.0.0.1 /admin/article/list.html
INFO: [ app_init ] --START--
INFO: Run Behavior\BuildLiteBehavior [ RunTime:0.000000s ]
INFO: [ app_init ] --END-- [ RunTime:0.001000s ]
INFO: [ app_begin ] --START--
INFO: Run Behavior\ReadHtmlCacheBehavior [ RunTime:0.000000s ]
INFO: Run Behavior\CheckLangBehavior [ RunTime:0.001000s ]
INFO: [ app_begin ] --END-- [ RunTime:0.002000s ]
SQL: SHOW COLUMNS FROM `my_article` [ RunTime:0.0050s ]
SQL: SHOW COLUMNS FROM `my_article` [ RunTime:0.0070s ]
SQL: SELECT a.id,a.article_title,a.sort_id,a.click,a.add_time,a.a_hot,b.cate_name FROM my_article a left join my_category as b on b.id = a.sort_id  LIMIT 0,6   [ RunTime:0.0010s ]

[ 2015-06-01T18:41:55+08:00 ] 127.0.0.1 /admin/article/search.html?keywords=1
INFO: [ app_init ] --START--
INFO: Run Behavior\BuildLiteBehavior [ RunTime:0.000000s ]
INFO: [ app_init ] --END-- [ RunTime:0.002000s ]

[ 2015-06-01T18:41:58+08:00 ] 127.0.0.1 /admin/article/list.html
INFO: [ app_init ] --START--
INFO: Run Behavior\BuildLiteBehavior [ RunTime:0.000000s ]
INFO: [ app_init ] --END-- [ RunTime:0.000000s ]
INFO: [ app_begin ] --START--
INFO: Run Behavior\ReadHtmlCacheBehavior [ RunTime:0.001000s ]
INFO: Run Behavior\CheckLangBehavior [ RunTime:0.001000s ]
INFO: [ app_begin ] --END-- [ RunTime:0.002000s ]
SQL: SHOW COLUMNS FROM `my_article` [ RunTime:0.0040s ]
SQL: SHOW COLUMNS FROM `my_article` [ RunTime:0.0050s ]
SQL: SELECT a.id,a.article_title,a.sort_id,a.click,a.add_time,a.a_hot,b.cate_name FROM my_article a left join my_category as b on b.id = a.sort_id  LIMIT 0,6   [ RunTime:0.0010s ]

[ 2015-06-01T18:44:33+08:00 ] 127.0.0.1 /admin/article/search.html?keywords=1
INFO: [ app_init ] --START--
INFO: Run Behavior\BuildLiteBehavior [ RunTime:0.000000s ]
INFO: [ app_init ] --END-- [ RunTime:0.001000s ]

[ 2015-06-01T18:44:36+08:00 ] 127.0.0.1 /admin/article/list.html
INFO: [ app_init ] --START--
INFO: Run Behavior\BuildLiteBehavior [ RunTime:0.000000s ]
INFO: [ app_init ] --END-- [ RunTime:0.002000s ]
INFO: [ app_begin ] --START--
INFO: Run Behavior\ReadHtmlCacheBehavior [ RunTime:0.002000s ]
INFO: Run Behavior\CheckLangBehavior [ RunTime:0.004000s ]
INFO: [ app_begin ] --END-- [ RunTime:0.007000s ]
SQL: SHOW COLUMNS FROM `my_article` [ RunTime:0.0160s ]
SQL: SHOW COLUMNS FROM `my_article` [ RunTime:0.0140s ]
SQL: SELECT a.id,a.article_title,a.sort_id,a.click,a.add_time,a.a_hot,b.cate_name FROM my_article a left join my_category as b on b.id = a.sort_id  LIMIT 0,6   [ RunTime:0.0010s ]

[ 2015-06-01T18:44:52+08:00 ] 127.0.0.1 /admin/article/search.html?keywords=1
INFO: [ app_init ] --START--
INFO: Run Behavior\BuildLiteBehavior [ RunTime:0.000000s ]
INFO: [ app_init ] --END-- [ RunTime:0.000000s ]

[ 2015-06-01T18:44:54+08:00 ] 127.0.0.1 /admin/article/search.html?page=1&keywords=
INFO: [ app_init ] --START--
INFO: Run Behavior\BuildLiteBehavior [ RunTime:0.000000s ]
INFO: [ app_init ] --END-- [ RunTime:0.001000s ]
INFO: [ app_begin ] --START--
INFO: Run Behavior\ReadHtmlCacheBehavior [ RunTime:0.000000s ]
INFO: Run Behavior\CheckLangBehavior [ RunTime:0.001000s ]
INFO: [ app_begin ] --END-- [ RunTime:0.001000s ]
SQL: SHOW COLUMNS FROM `my_article` [ RunTime:0.0050s ]
SQL: SHOW COLUMNS FROM `my_article` [ RunTime:0.0060s ]
SQL: SELECT a.id,a.article_title,a.sort_id,a.click,a.add_time,a.a_hot,b.cate_name FROM my_article a left join my_category as b on b.id = a.sort_id  WHERE a.article_title LIKE '\'%%\'' LIMIT 0,6   [ RunTime:0.0010s ]
NOTIC: [2] Invalid argument supplied for foreach() D:\web\www\myblog\app\Admin\Model\ArticleModel.class.php ç¬¬ 82 è¡Œ.

[ 2015-06-01T18:44:59+08:00 ] 127.0.0.1 /admin/article/search.html?keywords=1
INFO: [ app_init ] --START--
INFO: Run Behavior\BuildLiteBehavior [ RunTime:0.000000s ]
INFO: [ app_init ] --END-- [ RunTime:0.001000s ]

[ 2015-06-01T18:45:00+08:00 ] 127.0.0.1 /admin/article/search.html?page=1&keywords=
INFO: [ app_init ] --START--
INFO: Run Behavior\BuildLiteBehavior [ RunTime:0.000000s ]
INFO: [ app_init ] --END-- [ RunTime:0.001000s ]
INFO: [ app_begin ] --START--
INFO: Run Behavior\ReadHtmlCacheBehavior [ RunTime:0.000000s ]
INFO: Run Behavior\CheckLangBehavior [ RunTime:0.001000s ]
INFO: [ app_begin ] --END-- [ RunTime:0.002000s ]
SQL: SHOW COLUMNS FROM `my_article` [ RunTime:0.0050s ]
SQL: SHOW COLUMNS FROM `my_article` [ RunTime:0.0040s ]
SQL: SELECT a.id,a.article_title,a.sort_id,a.click,a.add_time,a.a_hot,b.cate_name FROM my_article a left join my_category as b on b.id = a.sort_id  WHERE a.article_title LIKE '\'%%\'' LIMIT 0,6   [ RunTime:0.0000s ]
NOTIC: [2] Invalid argument supplied for foreach() D:\web\www\myblog\app\Admin\Model\ArticleModel.class.php ç¬¬ 82 è¡Œ.

[ 2015-06-01T18:45:06+08:00 ] 127.0.0.1 /admin/article/search.html?keywords=2
INFO: [ app_init ] --START--
INFO: Run Behavior\BuildLiteBehavior [ RunTime:0.000000s ]
INFO: [ app_init ] --END-- [ RunTime:0.000000s ]

[ 2015-06-01T18:45:08+08:00 ] 127.0.0.1 /admin/article/search.html?page=1&keywords=
INFO: [ app_init ] --START--
INFO: Run Behavior\BuildLiteBehavior [ RunTime:0.000000s ]
INFO: [ app_init ] --END-- [ RunTime:0.003000s ]
INFO: [ app_begin ] --START--
INFO: Run Behavior\ReadHtmlCacheBehavior [ RunTime:0.003000s ]
INFO: Run Behavior\CheckLangBehavior [ RunTime:0.004001s ]
INFO: [ app_begin ] --END-- [ RunTime:0.007001s ]
SQL: SHOW COLUMNS FROM `my_article` [ RunTime:0.0150s ]
SQL: SHOW COLUMNS FROM `my_article` [ RunTime:0.0120s ]
SQL: SELECT a.id,a.article_title,a.sort_id,a.click,a.add_time,a.a_hot,b.cate_name FROM my_article a left join my_category as b on b.id = a.sort_id  WHERE a.article_title LIKE '\'%%\'' LIMIT 0,6   [ RunTime:0.0020s ]
NOTIC: [2] Invalid argument supplied for foreach() D:\web\www\myblog\app\Admin\Model\ArticleModel.class.php ç¬¬ 82 è¡Œ.

[ 2015-06-01T18:45:22+08:00 ] 127.0.0.1 /admin/article/search.html?keywords=1
INFO: [ app_init ] --START--
INFO: Run Behavior\BuildLiteBehavior [ RunTime:0.000000s ]
INFO: [ app_init ] --END-- [ RunTime:0.003001s ]

[ 2015-06-01T18:45:25+08:00 ] 127.0.0.1 /admin/article/search.html?page=1&keywords=
INFO: [ app_init ] --START--
INFO: Run Behavior\BuildLiteBehavior [ RunTime:0.000000s ]
INFO: [ app_init ] --END-- [ RunTime:0.001000s ]
INFO: [ app_begin ] --START--
INFO: Run Behavior\ReadHtmlCacheBehavior [ RunTime:0.001000s ]
INFO: Run Behavior\CheckLangBehavior [ RunTime:0.001000s ]
INFO: [ app_begin ] --END-- [ RunTime:0.002000s ]
SQL: SHOW COLUMNS FROM `my_article` [ RunTime:0.0050s ]
SQL: SHOW COLUMNS FROM `my_article` [ RunTime:0.0050s ]
SQL: SELECT a.id,a.article_title,a.sort_id,a.click,a.add_time,a.a_hot,b.cate_name FROM my_article a left join my_category as b on b.id = a.sort_id  WHERE a.article_title LIKE '\'%%\'' LIMIT 0,6   [ RunTime:0.0000s ]
NOTIC: [2] Invalid argument supplied for foreach() D:\web\www\myblog\app\Admin\Model\ArticleModel.class.php ç¬¬ 82 è¡Œ.

[ 2015-06-01T18:52:21+08:00 ] 127.0.0.1 /admin/article/search.html?keywords=1
INFO: [ app_init ] --START--
INFO: Run Behavior\BuildLiteBehavior [ RunTime:0.000000s ]
INFO: [ app_init ] --END-- [ RunTime:0.001000s ]

[ 2015-06-01T18:52:42+08:00 ] 127.0.0.1 /admin/article/search.html?keywords=1
INFO: [ app_init ] --START--
INFO: Run Behavior\BuildLiteBehavior [ RunTime:0.000000s ]
INFO: [ app_init ] --END-- [ RunTime:0.001000s ]

[ 2015-06-01T18:52:48+08:00 ] 127.0.0.1 /admin/article/search.html?keywords=1
INFO: [ app_init ] --START--
INFO: Run Behavior\BuildLiteBehavior [ RunTime:0.000000s ]
INFO: [ app_init ] --END-- [ RunTime:0.001000s ]

[ 2015-06-01T18:52:52+08:00 ] 127.0.0.1 /admin/article/list.html
INFO: [ app_init ] --START--
INFO: Run Behavior\BuildLiteBehavior [ RunTime:0.000000s ]
INFO: [ app_init ] --END-- [ RunTime:0.002000s ]
INFO: [ app_begin ] --START--
INFO: Run Behavior\ReadHtmlCacheBehavior [ RunTime:0.003000s ]
INFO: Run Behavior\CheckLangBehavior [ RunTime:0.005000s ]
INFO: [ app_begin ] --END-- [ RunTime:0.008000s ]
SQL: SHOW COLUMNS FROM `my_article` [ RunTime:0.0150s ]
SQL: SHOW COLUMNS FROM `my_article` [ RunTime:0.0140s ]
SQL: SELECT a.id,a.article_title,a.sort_id,a.click,a.add_time,a.a_hot,b.cate_name FROM my_article a left join my_category as b on b.id = a.sort_id  LIMIT 0,6   [ RunTime:0.0010s ]

[ 2015-06-01T18:52:53+08:00 ] 127.0.0.1 /admin/article/search.html
INFO: [ app_init ] --START--
INFO: Run Behavior\BuildLiteBehavior [ RunTime:0.000000s ]
INFO: [ app_init ] --END-- [ RunTime:0.000000s ]

[ 2015-06-01T18:52:54+08:00 ] 127.0.0.1 /admin/article/list.html
INFO: [ app_init ] --START--
INFO: Run Behavior\BuildLiteBehavior [ RunTime:0.000000s ]
INFO: [ app_init ] --END-- [ RunTime:0.000000s ]

[ 2015-06-01T18:52:56+08:00 ] 127.0.0.1 /admin/article/list.html
INFO: [ app_init ] --START--
INFO: Run Behavior\BuildLiteBehavior [ RunTime:0.000000s ]
INFO: [ app_init ] --END-- [ RunTime:0.000000s ]
INFO: [ app_begin ] --START--
INFO: Run Behavior\ReadHtmlCacheBehavior [ RunTime:0.001000s ]
INFO: Run Behavior\CheckLangBehavior [ RunTime:0.002000s ]
INFO: [ app_begin ] --END-- [ RunTime:0.003000s ]
SQL: SHOW COLUMNS FROM `my_article` [ RunTime:0.0060s ]
SQL: SHOW COLUMNS FROM `my_article` [ RunTime:0.0040s ]
SQL: SELECT a.id,a.article_title,a.sort_id,a.click,a.add_time,a.a_hot,b.cate_name FROM my_article a left join my_category as b on b.id = a.sort_id  LIMIT 0,6   [ RunTime:0.0010s ]

[ 2015-06-01T18:52:59+08:00 ] 127.0.0.1 /admin/article/search.html
INFO: [ app_init ] --START--
INFO: Run Behavior\BuildLiteBehavior [ RunTime:0.001000s ]
INFO: [ app_init ] --END-- [ RunTime:0.003000s ]
INFO: [ app_begin ] --START--
INFO: Run Behavior\ReadHtmlCacheBehavior [ RunTime:0.003000s ]
INFO: Run Behavior\CheckLangBehavior [ RunTime:0.005000s ]
INFO: [ app_begin ] --END-- [ RunTime:0.009000s ]
SQL: SHOW COLUMNS FROM `my_article` [ RunTime:0.0150s ]
NOTIC: [8] Undefined variable: page D:\web\www\myblog\app\Admin\Controller\ArticleController.class.php ç¬¬ 106 è¡Œ.
SQL: SHOW COLUMNS FROM `my_article` [ RunTime:0.0160s ]
SQL: SELECT a.id,a.article_title,a.sort_id,a.click,a.add_time,a.a_hot,b.cate_name FROM my_article a left join my_category as b on b.id = a.sort_id  LIMIT 0,10   [ RunTime:0.0020s ]

[ 2015-06-01T18:54:21+08:00 ] 127.0.0.1 /admin/article/search.html
INFO: [ app_init ] --START--
INFO: Run Behavior\BuildLiteBehavior [ RunTime:0.000000s ]
INFO: [ app_init ] --END-- [ RunTime:0.000000s ]
INFO: [ app_begin ] --START--
INFO: Run Behavior\ReadHtmlCacheBehavior [ RunTime:0.001000s ]
INFO: Run Behavior\CheckLangBehavior [ RunTime:0.001000s ]
INFO: [ app_begin ] --END-- [ RunTime:0.002000s ]
SQL: SHOW COLUMNS FROM `my_article` [ RunTime:0.0030s ]
NOTIC: [8] Undefined variable: page D:\web\www\myblog\app\Admin\Controller\ArticleController.class.php ç¬¬ 106 è¡Œ.
SQL: SHOW COLUMNS FROM `my_article` [ RunTime:0.0040s ]
SQL: SELECT a.id,a.article_title,a.sort_id,a.click,a.add_time,a.a_hot,b.cate_name FROM my_article a left join my_category as b on b.id = a.sort_id  LIMIT 0,10   [ RunTime:0.0000s ]

[ 2015-06-01T18:54:34+08:00 ] 127.0.0.1 /admin/article/search.html
INFO: [ app_init ] --START--
INFO: Run Behavior\BuildLiteBehavior [ RunTime:0.000000s ]
INFO: [ app_init ] --END-- [ RunTime:0.000000s ]
INFO: [ app_begin ] --START--
INFO: Run Behavior\ReadHtmlCacheBehavior [ RunTime:0.001000s ]
INFO: Run Behavior\CheckLangBehavior [ RunTime:0.001000s ]
INFO: [ app_begin ] --END-- [ RunTime:0.002000s ]
SQL: SHOW COLUMNS FROM `my_article` [ RunTime:0.0030s ]
NOTIC: [8] Undefined variable: page D:\web\www\myblog\app\Admin\Controller\ArticleController.class.php ç¬¬ 106 è¡Œ.
SQL: SHOW COLUMNS FROM `my_article` [ RunTime:0.0030s ]
SQL: SELECT a.id,a.article_title,a.sort_id,a.click,a.add_time,a.a_hot,b.cate_name FROM my_article a left join my_category as b on b.id = a.sort_id  LIMIT 0,10   [ RunTime:0.0010s ]

[ 2015-06-01T18:54:38+08:00 ] 127.0.0.1 /admin/article/search.html
INFO: [ app_init ] --START--
INFO: Run Behavior\BuildLiteBehavior [ RunTime:0.000000s ]
INFO: [ app_init ] --END-- [ RunTime:0.001000s ]
INFO: [ app_begin ] --START--
INFO: Run Behavior\ReadHtmlCacheBehavior [ RunTime:0.001000s ]
INFO: Run Behavior\CheckLangBehavior [ RunTime:0.001000s ]
INFO: [ app_begin ] --END-- [ RunTime:0.002000s ]
SQL: SHOW COLUMNS FROM `my_article` [ RunTime:0.0040s ]
NOTIC: [8] Undefined variable: page D:\web\www\myblog\app\Admin\Controller\ArticleController.class.php ç¬¬ 106 è¡Œ.
SQL: SHOW COLUMNS FROM `my_article` [ RunTime:0.0040s ]
SQL: SELECT a.id,a.article_title,a.sort_id,a.click,a.add_time,a.a_hot,b.cate_name FROM my_article a left join my_category as b on b.id = a.sort_id  LIMIT 0,10   [ RunTime:0.0000s ]

[ 2015-06-01T18:54:40+08:00 ] 127.0.0.1 /admin/article/search.html
INFO: [ app_init ] --START--
INFO: Run Behavior\BuildLiteBehavior [ RunTime:0.000000s ]
INFO: [ app_init ] --END-- [ RunTime:0.000000s ]
INFO: [ app_begin ] --START--
INFO: Run Behavior\ReadHtmlCacheBehavior [ RunTime:0.001000s ]
INFO: Run Behavior\CheckLangBehavior [ RunTime:0.001000s ]
INFO: [ app_begin ] --END-- [ RunTime:0.002000s ]
SQL: SHOW COLUMNS FROM `my_article` [ RunTime:0.0050s ]
NOTIC: [8] Undefined variable: page D:\web\www\myblog\app\Admin\Controller\ArticleController.class.php ç¬¬ 106 è¡Œ.
SQL: SHOW COLUMNS FROM `my_article` [ RunTime:0.0050s ]
SQL: SELECT a.id,a.article_title,a.sort_id,a.click,a.add_time,a.a_hot,b.cate_name FROM my_article a left join my_category as b on b.id = a.sort_id  LIMIT 0,10   [ RunTime:0.0010s ]

[ 2015-06-01T18:55:36+08:00 ] 127.0.0.1 /admin/article/list.html
INFO: [ app_init ] --START--
INFO: Run Behavior\BuildLiteBehavior [ RunTime:0.000000s ]
INFO: [ app_init ] --END-- [ RunTime:0.000000s ]

[ 2015-06-01T18:55:38+08:00 ] 127.0.0.1 /admin/article/list.html
INFO: [ app_init ] --START--
INFO: Run Behavior\BuildLiteBehavior [ RunTime:0.000000s ]
INFO: [ app_init ] --END-- [ RunTime:0.001000s ]
INFO: [ app_begin ] --START--
INFO: Run Behavior\ReadHtmlCacheBehavior [ RunTime:0.001000s ]
INFO: Run Behavior\CheckLangBehavior [ RunTime:0.002000s ]
INFO: [ app_begin ] --END-- [ RunTime:0.003000s ]
SQL: SHOW COLUMNS FROM `my_article` [ RunTime:0.0040s ]
SQL: SHOW COLUMNS FROM `my_article` [ RunTime:0.0030s ]
SQL: SELECT a.id,a.article_title,a.sort_id,a.click,a.add_time,a.a_hot,b.cate_name FROM my_article a left join my_category as b on b.id = a.sort_id  LIMIT 0,6   [ RunTime:0.0010s ]

[ 2015-06-01T18:55:40+08:00 ] 127.0.0.1 /admin/article/search.html
INFO: [ app_init ] --START--
INFO: Run Behavior\BuildLiteBehavior [ RunTime:0.000000s ]
INFO: [ app_init ] --END-- [ RunTime:0.003000s ]
INFO: [ app_begin ] --START--
INFO: Run Behavior\ReadHtmlCacheBehavior [ RunTime:0.003001s ]
INFO: Run Behavior\CheckLangBehavior [ RunTime:0.004000s ]
INFO: [ app_begin ] --END-- [ RunTime:0.007001s ]
SQL: SHOW COLUMNS FROM `my_article` [ RunTime:0.0130s ]
NOTIC: [8] Undefined variable: page D:\web\www\myblog\app\Admin\Controller\ArticleController.class.php ç¬¬ 106 è¡Œ.
SQL: SHOW COLUMNS FROM `my_article` [ RunTime:0.0160s ]
SQL: SELECT a.id,a.article_title,a.sort_id,a.click,a.add_time,a.a_hot,b.cate_name FROM my_article a left join my_category as b on b.id = a.sort_id  WHERE a.article_title LIKE '\'%1%\'' LIMIT 0,10   [ RunTime:0.0010s ]
NOTIC: [2] Invalid argument supplied for foreach() D:\web\www\myblog\app\Admin\Model\ArticleModel.class.php ç¬¬ 82 è¡Œ.

[ 2015-06-01T18:56:29+08:00 ] 127.0.0.1 /admin/article/search.html
INFO: [ app_init ] --START--
INFO: Run Behavior\BuildLiteBehavior [ RunTime:0.000000s ]
INFO: [ app_init ] --END-- [ RunTime:0.002000s ]
INFO: [ app_begin ] --START--
INFO: Run Behavior\ReadHtmlCacheBehavior [ RunTime:0.003000s ]
INFO: Run Behavior\CheckLangBehavior [ RunTime:0.005000s ]
INFO: [ app_begin ] --END-- [ RunTime:0.009000s ]
SQL: SHOW COLUMNS FROM `my_article` [ RunTime:0.0160s ]
NOTIC: [8] Undefined variable: page D:\web\www\myblog\app\Admin\Controller\ArticleController.class.php ç¬¬ 106 è¡Œ.
SQL: SHOW COLUMNS FROM `my_article` [ RunTime:0.0140s ]
SQL: SELECT a.id,a.article_title,a.sort_id,a.click,a.add_time,a.a_hot,b.cate_name FROM my_article a left join my_category as b on b.id = a.sort_id  WHERE a.article_title LIKE '\'%2%\'' LIMIT 0,10   [ RunTime:0.0010s ]
NOTIC: [2] Invalid argument supplied for foreach() D:\web\www\myblog\app\Admin\Model\ArticleModel.class.php ç¬¬ 82 è¡Œ.

[ 2015-06-01T18:56:34+08:00 ] 127.0.0.1 /admin/article/search.html
INFO: [ app_init ] --START--
INFO: Run Behavior\BuildLiteBehavior [ RunTime:0.000000s ]
INFO: [ app_init ] --END-- [ RunTime:0.000000s ]
INFO: [ app_begin ] --START--
INFO: Run Behavior\ReadHtmlCacheBehavior [ RunTime:0.001000s ]
INFO: Run Behavior\CheckLangBehavior [ RunTime:0.001000s ]
INFO: [ app_begin ] --END-- [ RunTime:0.002000s ]
SQL: SHOW COLUMNS FROM `my_article` [ RunTime:0.0060s ]
NOTIC: [8] Undefined variable: page D:\web\www\myblog\app\Admin\Controller\ArticleController.class.php ç¬¬ 106 è¡Œ.
SQL: SHOW COLUMNS FROM `my_article` [ RunTime:0.0060s ]
SQL: SELECT a.id,a.article_title,a.sort_id,a.click,a.add_time,a.a_hot,b.cate_name FROM my_article a left join my_category as b on b.id = a.sort_id  WHERE a.article_title LIKE '\'%æµ‹è¯•%\'' LIMIT 0,10   [ RunTime:0.0010s ]
NOTIC: [2] Invalid argument supplied for foreach() D:\web\www\myblog\app\Admin\Model\ArticleModel.class.php ç¬¬ 82 è¡Œ.

[ 2015-06-01T18:57:59+08:00 ] 127.0.0.1 /admin/article/list.html
INFO: [ app_init ] --START--
INFO: Run Behavior\BuildLiteBehavior [ RunTime:0.000000s ]
INFO: [ app_init ] --END-- [ RunTime:0.002000s ]

[ 2015-06-01T18:58:02+08:00 ] 127.0.0.1 /admin/article/list.html
INFO: [ app_init ] --START--
INFO: Run Behavior\BuildLiteBehavior [ RunTime:0.000000s ]
INFO: [ app_init ] --END-- [ RunTime:0.001000s ]
INFO: [ app_begin ] --START--
INFO: Run Behavior\ReadHtmlCacheBehavior [ RunTime:0.001001s ]
INFO: Run Behavior\CheckLangBehavior [ RunTime:0.001000s ]
INFO: [ app_begin ] --END-- [ RunTime:0.002001s ]
SQL: SHOW COLUMNS FROM `my_article` [ RunTime:0.0040s ]
SQL: SHOW COLUMNS FROM `my_article` [ RunTime:0.0050s ]
SQL: SELECT a.id,a.article_title,a.sort_id,a.click,a.add_time,a.a_hot,b.cate_name FROM my_article a left join my_category as b on b.id = a.sort_id  LIMIT 0,6   [ RunTime:0.0010s ]

[ 2015-06-01T18:58:07+08:00 ] 127.0.0.1 /admin/article/search.html
INFO: [ app_init ] --START--
INFO: Run Behavior\BuildLiteBehavior [ RunTime:0.000000s ]
INFO: [ app_init ] --END-- [ RunTime:0.003001s ]
INFO: [ app_begin ] --START--
INFO: Run Behavior\ReadHtmlCacheBehavior [ RunTime:0.001000s ]
INFO: Run Behavior\CheckLangBehavior [ RunTime:0.001000s ]
INFO: [ app_begin ] --END-- [ RunTime:0.002000s ]
SQL: SHOW COLUMNS FROM `my_article` [ RunTime:0.0050s ]
NOTIC: [8] Undefined variable: page D:\web\www\myblog\app\Admin\Controller\ArticleController.class.php ç¬¬ 106 è¡Œ.
SQL: SHOW COLUMNS FROM `my_article` [ RunTime:0.0060s ]
SQL: SELECT a.id,a.article_title,a.sort_id,a.click,a.add_time,a.a_hot,b.cate_name FROM my_article a left join my_category as b on b.id = a.sort_id  WHERE a.article_title LIKE '\'%1%\'' LIMIT 0,10   [ RunTime:0.0010s ]
NOTIC: [2] Invalid argument supplied for foreach() D:\web\www\myblog\app\Admin\Model\ArticleModel.class.php ç¬¬ 82 è¡Œ.

[ 2015-06-01T18:58:09+08:00 ] 127.0.0.1 /admin/article/search.html
INFO: [ app_init ] --START--
INFO: Run Behavior\BuildLiteBehavior [ RunTime:0.000000s ]
INFO: [ app_init ] --END-- [ RunTime:0.001000s ]
INFO: [ app_begin ] --START--
INFO: Run Behavior\ReadHtmlCacheBehavior [ RunTime:0.001000s ]
INFO: Run Behavior\CheckLangBehavior [ RunTime:0.001000s ]
INFO: [ app_begin ] --END-- [ RunTime:0.002000s ]
SQL: SHOW COLUMNS FROM `my_article` [ RunTime:0.0040s ]
NOTIC: [8] Undefined variable: page D:\web\www\myblog\app\Admin\Controller\ArticleController.class.php ç¬¬ 106 è¡Œ.
SQL: SHOW COLUMNS FROM `my_article` [ RunTime:0.0050s ]
SQL: SELECT a.id,a.article_title,a.sort_id,a.click,a.add_time,a.a_hot,b.cate_name FROM my_article a left join my_category as b on b.id = a.sort_id  WHERE a.article_title LIKE '\'%12%\'' LIMIT 0,10   [ RunTime:0.0000s ]
NOTIC: [2] Invalid argument supplied for foreach() D:\web\www\myblog\app\Admin\Model\ArticleModel.class.php ç¬¬ 82 è¡Œ.

[ 2015-06-01T18:58:10+08:00 ] 127.0.0.1 /admin/article/search.html
INFO: [ app_init ] --START--
INFO: Run Behavior\BuildLiteBehavior [ RunTime:0.000000s ]
INFO: [ app_init ] --END-- [ RunTime:0.001000s ]
INFO: [ app_begin ] --START--
INFO: Run Behavior\ReadHtmlCacheBehavior [ RunTime:0.000000s ]
INFO: Run Behavior\CheckLangBehavior [ RunTime:0.001000s ]
INFO: [ app_begin ] --END-- [ RunTime:0.001000s ]
SQL: SHOW COLUMNS FROM `my_article` [ RunTime:0.0040s ]
NOTIC: [8] Undefined variable: page D:\web\www\myblog\app\Admin\Controller\ArticleController.class.php ç¬¬ 106 è¡Œ.
SQL: SHOW COLUMNS FROM `my_article` [ RunTime:0.0030s ]
SQL: SELECT a.id,a.article_title,a.sort_id,a.click,a.add_time,a.a_hot,b.cate_name FROM my_article a left join my_category as b on b.id = a.sort_id  WHERE a.article_title LIKE '\'%3%\'' LIMIT 0,10   [ RunTime:0.0000s ]
NOTIC: [2] Invalid argument supplied for foreach() D:\web\www\myblog\app\Admin\Model\ArticleModel.class.php ç¬¬ 82 è¡Œ.

[ 2015-06-01T18:58:58+08:00 ] 127.0.0.1 /admin/article/search.html
INFO: [ app_init ] --START--
INFO: Run Behavior\BuildLiteBehavior [ RunTime:0.001000s ]
INFO: [ app_init ] --END-- [ RunTime:0.002000s ]
INFO: [ app_begin ] --START--
INFO: Run Behavior\ReadHtmlCacheBehavior [ RunTime:0.002001s ]
INFO: Run Behavior\CheckLangBehavior [ RunTime:0.003000s ]
INFO: [ app_begin ] --END-- [ RunTime:0.005001s ]
SQL: SHOW COLUMNS FROM `my_article` [ RunTime:0.0150s ]
NOTIC: [8] Undefined variable: page D:\web\www\myblog\app\Admin\Controller\ArticleController.class.php ç¬¬ 106 è¡Œ.
SQL: SHOW COLUMNS FROM `my_article` [ RunTime:0.0140s ]
SQL: SELECT a.id,a.article_title,a.sort_id,a.click,a.add_time,a.a_hot,b.cate_name FROM my_article a left join my_category as b on b.id = a.sort_id  WHERE a.article_title LIKE '\'%1%\'' LIMIT 0,10   [ RunTime:0.0020s ]
NOTIC: [2] Invalid argument supplied for foreach() D:\web\www\myblog\app\Admin\Model\ArticleModel.class.php ç¬¬ 82 è¡Œ.

[ 2015-06-01T18:59:11+08:00 ] 127.0.0.1 /admin/article/search.html
INFO: [ app_init ] --START--
INFO: Run Behavior\BuildLiteBehavior [ RunTime:0.000000s ]
INFO: [ app_init ] --END-- [ RunTime:0.000000s ]
INFO: [ app_begin ] --START--
INFO: Run Behavior\ReadHtmlCacheBehavior [ RunTime:0.001000s ]
INFO: Run Behavior\CheckLangBehavior [ RunTime:0.001000s ]
INFO: [ app_begin ] --END-- [ RunTime:0.002000s ]
SQL: SHOW COLUMNS FROM `my_article` [ RunTime:0.0040s ]
NOTIC: [8] Undefined variable: page D:\web\www\myblog\app\Admin\Controller\ArticleController.class.php ç¬¬ 106 è¡Œ.
SQL: SHOW COLUMNS FROM `my_article` [ RunTime:0.0050s ]
SQL: SELECT a.id,a.article_title,a.sort_id,a.click,a.add_time,a.a_hot,b.cate_name FROM my_article a left join my_category as b on b.id = a.sort_id  WHERE a.article_title LIKE '\'%1%\'' LIMIT 0,10   [ RunTime:0.0010s ]
NOTIC: [2] Invalid argument supplied for foreach() D:\web\www\myblog\app\Admin\Model\ArticleModel.class.php ç¬¬ 82 è¡Œ.

[ 2015-06-01T18:59:11+08:00 ] 127.0.0.1 /admin/article/search.html
INFO: [ app_init ] --START--
INFO: Run Behavior\BuildLiteBehavior [ RunTime:0.000000s ]
INFO: [ app_init ] --END-- [ RunTime:0.001000s ]
INFO: [ app_begin ] --START--
INFO: Run Behavior\ReadHtmlCacheBehavior [ RunTime:0.001000s ]
INFO: Run Behavior\CheckLangBehavior [ RunTime:0.001000s ]
INFO: [ app_begin ] --END-- [ RunTime:0.002000s ]
SQL: SHOW COLUMNS FROM `my_article` [ RunTime:0.0040s ]
NOTIC: [8] Undefined variable: page D:\web\www\myblog\app\Admin\Controller\ArticleController.class.php ç¬¬ 106 è¡Œ.
SQL: SHOW COLUMNS FROM `my_article` [ RunTime:0.0040s ]
SQL: SELECT a.id,a.article_title,a.sort_id,a.click,a.add_time,a.a_hot,b.cate_name FROM my_article a left join my_category as b on b.id = a.sort_id  WHERE a.article_title LIKE '\'%1%\'' LIMIT 0,10   [ RunTime:0.0000s ]
NOTIC: [2] Invalid argument supplied for foreach() D:\web\www\myblog\app\Admin\Model\ArticleModel.class.php ç¬¬ 82 è¡Œ.

[ 2015-06-01T18:59:11+08:00 ] 127.0.0.1 /admin/article/search.html
INFO: [ app_init ] --START--
INFO: Run Behavior\BuildLiteBehavior [ RunTime:0.000000s ]
INFO: [ app_init ] --END-- [ RunTime:0.001000s ]
INFO: [ app_begin ] --START--
INFO: Run Behavior\ReadHtmlCacheBehavior [ RunTime:0.000000s ]
INFO: Run Behavior\CheckLangBehavior [ RunTime:0.001000s ]
INFO: [ app_begin ] --END-- [ RunTime:0.001000s ]
SQL: SHOW COLUMNS FROM `my_article` [ RunTime:0.0030s ]
NOTIC: [8] Undefined variable: page D:\web\www\myblog\app\Admin\Controller\ArticleController.class.php ç¬¬ 106 è¡Œ.
SQL: SHOW COLUMNS FROM `my_article` [ RunTime:0.0030s ]
SQL: SELECT a.id,a.article_title,a.sort_id,a.click,a.add_time,a.a_hot,b.cate_name FROM my_article a left join my_category as b on b.id = a.sort_id  WHERE a.article_title LIKE '\'%1%\'' LIMIT 0,10   [ RunTime:0.0000s ]
NOTIC: [2] Invalid argument supplied for foreach() D:\web\www\myblog\app\Admin\Model\ArticleModel.class.php ç¬¬ 82 è¡Œ.

[ 2015-06-01T18:59:11+08:00 ] 127.0.0.1 /admin/article/search.html
INFO: [ app_init ] --START--
INFO: Run Behavior\BuildLiteBehavior [ RunTime:0.000000s ]
INFO: [ app_init ] --END-- [ RunTime:0.000000s ]
INFO: [ app_begin ] --START--
INFO: Run Behavior\ReadHtmlCacheBehavior [ RunTime:0.001000s ]
INFO: Run Behavior\CheckLangBehavior [ RunTime:0.001000s ]
INFO: [ app_begin ] --END-- [ RunTime:0.002000s ]
SQL: SHOW COLUMNS FROM `my_article` [ RunTime:0.0030s ]
NOTIC: [8] Undefined variable: page D:\web\www\myblog\app\Admin\Controller\ArticleController.class.php ç¬¬ 106 è¡Œ.
SQL: SHOW COLUMNS FROM `my_article` [ RunTime:0.0040s ]
SQL: SELECT a.id,a.article_title,a.sort_id,a.click,a.add_time,a.a_hot,b.cate_name FROM my_article a left join my_category as b on b.id = a.sort_id  WHERE a.article_title LIKE '\'%1%\'' LIMIT 0,10   [ RunTime:0.0010s ]
NOTIC: [2] Invalid argument supplied for foreach() D:\web\www\myblog\app\Admin\Model\ArticleModel.class.php ç¬¬ 82 è¡Œ.

[ 2015-06-01T18:59:11+08:00 ] 127.0.0.1 /admin/article/search.html
INFO: [ app_init ] --START--
INFO: Run Behavior\BuildLiteBehavior [ RunTime:0.000000s ]
INFO: [ app_init ] --END-- [ RunTime:0.000000s ]
INFO: [ app_begin ] --START--
INFO: Run Behavior\ReadHtmlCacheBehavior [ RunTime:0.001000s ]
INFO: Run Behavior\CheckLangBehavior [ RunTime:0.001000s ]
INFO: [ app_begin ] --END-- [ RunTime:0.002000s ]
SQL: SHOW COLUMNS FROM `my_article` [ RunTime:0.0050s ]
NOTIC: [8] Undefined variable: page D:\web\www\myblog\app\Admin\Controller\ArticleController.class.php ç¬¬ 106 è¡Œ.
SQL: SHOW COLUMNS FROM `my_article` [ RunTime:0.0040s ]
SQL: SELECT a.id,a.article_title,a.sort_id,a.click,a.add_time,a.a_hot,b.cate_name FROM my_article a left join my_category as b on b.id = a.sort_id  WHERE a.article_title LIKE '\'%1%\'' LIMIT 0,10   [ RunTime:0.0010s ]
NOTIC: [2] Invalid argument supplied for foreach() D:\web\www\myblog\app\Admin\Model\ArticleModel.class.php ç¬¬ 82 è¡Œ.

[ 2015-06-01T18:59:12+08:00 ] 127.0.0.1 /admin/article/search.html
INFO: [ app_init ] --START--
INFO: Run Behavior\BuildLiteBehavior [ RunTime:0.001000s ]
INFO: [ app_init ] --END-- [ RunTime:0.003000s ]
INFO: [ app_begin ] --START--
INFO: Run Behavior\ReadHtmlCacheBehavior [ RunTime:0.004000s ]
INFO: Run Behavior\CheckLangBehavior [ RunTime:0.005000s ]
INFO: [ app_begin ] --END-- [ RunTime:0.009000s ]
SQL: SHOW COLUMNS FROM `my_article` [ RunTime:0.0150s ]
NOTIC: [8] Undefined variable: page D:\web\www\myblog\app\Admin\Controller\ArticleController.class.php ç¬¬ 106 è¡Œ.
SQL: SHOW COLUMNS FROM `my_article` [ RunTime:0.0160s ]
SQL: SELECT a.id,a.article_title,a.sort_id,a.click,a.add_time,a.a_hot,b.cate_name FROM my_article a left join my_category as b on b.id = a.sort_id  WHERE a.article_title LIKE '\'%11%\'' LIMIT 0,10   [ RunTime:0.0020s ]
NOTIC: [2] Invalid argument supplied for foreach() D:\web\www\myblog\app\Admin\Model\ArticleModel.class.php ç¬¬ 82 è¡Œ.

[ 2015-06-01T18:59:12+08:00 ] 127.0.0.1 /admin/article/search.html
INFO: [ app_init ] --START--
INFO: Run Behavior\BuildLiteBehavior [ RunTime:0.000000s ]
INFO: [ app_init ] --END-- [ RunTime:0.002000s ]
INFO: [ app_begin ] --START--
INFO: Run Behavior\ReadHtmlCacheBehavior [ RunTime:0.003000s ]
INFO: Run Behavior\CheckLangBehavior [ RunTime:0.004000s ]
INFO: [ app_begin ] --END-- [ RunTime:0.008000s ]
SQL: SHOW COLUMNS FROM `my_article` [ RunTime:0.0150s ]
NOTIC: [8] Undefined variable: page D:\web\www\myblog\app\Admin\Controller\ArticleController.class.php ç¬¬ 106 è¡Œ.
SQL: SHOW COLUMNS FROM `my_article` [ RunTime:0.0150s ]
SQL: SELECT a.id,a.article_title,a.sort_id,a.click,a.add_time,a.a_hot,b.cate_name FROM my_article a left join my_category as b on b.id = a.sort_id  WHERE a.article_title LIKE '\'%111%\'' LIMIT 0,10   [ RunTime:0.0010s ]
NOTIC: [2] Invalid argument supplied for foreach() D:\web\www\myblog\app\Admin\Model\ArticleModel.class.php ç¬¬ 82 è¡Œ.

[ 2015-06-01T18:59:13+08:00 ] 127.0.0.1 /admin/article/search.html
INFO: [ app_init ] --START--
INFO: Run Behavior\BuildLiteBehavior [ RunTime:0.000000s ]
INFO: [ app_init ] --END-- [ RunTime:0.002000s ]
INFO: [ app_begin ] --START--
INFO: Run Behavior\ReadHtmlCacheBehavior [ RunTime:0.002000s ]
INFO: Run Behavior\CheckLangBehavior [ RunTime:0.003000s ]
INFO: [ app_begin ] --END-- [ RunTime:0.006000s ]
SQL: SHOW COLUMNS FROM `my_article` [ RunTime:0.0140s ]
NOTIC: [8] Undefined variable: page D:\web\www\myblog\app\Admin\Controller\ArticleController.class.php ç¬¬ 106 è¡Œ.
SQL: SHOW COLUMNS FROM `my_article` [ RunTime:0.0150s ]
SQL: SELECT a.id,a.article_title,a.sort_id,a.click,a.add_time,a.a_hot,b.cate_name FROM my_article a left join my_category as b on b.id = a.sort_id  WHERE a.article_title LIKE '\'%1111%\'' LIMIT 0,10   [ RunTime:0.0020s ]
NOTIC: [2] Invalid argument supplied for foreach() D:\web\www\myblog\app\Admin\Model\ArticleModel.class.php ç¬¬ 82 è¡Œ.

[ 2015-06-01T18:59:13+08:00 ] 127.0.0.1 /admin/article/search.html
INFO: [ app_init ] --START--
INFO: Run Behavior\BuildLiteBehavior [ RunTime:0.000000s ]
INFO: [ app_init ] --END-- [ RunTime:0.003001s ]
INFO: [ app_begin ] --START--
INFO: Run Behavior\ReadHtmlCacheBehavior [ RunTime:0.003000s ]
INFO: Run Behavior\CheckLangBehavior [ RunTime:0.006001s ]
INFO: [ app_begin ] --END-- [ RunTime:0.009001s ]
SQL: SHOW COLUMNS FROM `my_article` [ RunTime:0.0150s ]
NOTIC: [8] Undefined variable: page D:\web\www\myblog\app\Admin\Controller\ArticleController.class.php ç¬¬ 106 è¡Œ.
SQL: SHOW COLUMNS FROM `my_article` [ RunTime:0.0160s ]
SQL: SELECT a.id,a.article_title,a.sort_id,a.click,a.add_time,a.a_hot,b.cate_name FROM my_article a left join my_category as b on b.id = a.sort_id  WHERE a.article_title LIKE '\'%1111%\'' LIMIT 0,10   [ RunTime:0.0010s ]
NOTIC: [2] Invalid argument supplied for foreach() D:\web\www\myblog\app\Admin\Model\ArticleModel.class.php ç¬¬ 82 è¡Œ.

[ 2015-06-01T18:59:13+08:00 ] 127.0.0.1 /admin/article/search.html
INFO: [ app_init ] --START--
INFO: Run Behavior\BuildLiteBehavior [ RunTime:0.000000s ]
INFO: [ app_init ] --END-- [ RunTime:0.002000s ]
INFO: [ app_begin ] --START--
INFO: Run Behavior\ReadHtmlCacheBehavior [ RunTime:0.003000s ]
INFO: Run Behavior\CheckLangBehavior [ RunTime:0.003000s ]
INFO: [ app_begin ] --END-- [ RunTime:0.006000s ]
SQL: SHOW COLUMNS FROM `my_article` [ RunTime:0.0120s ]
NOTIC: [8] Undefined variable: page D:\web\www\myblog\app\Admin\Controller\ArticleController.class.php ç¬¬ 106 è¡Œ.
SQL: SHOW COLUMNS FROM `my_article` [ RunTime:0.0120s ]
SQL: SELECT a.id,a.article_title,a.sort_id,a.click,a.add_time,a.a_hot,b.cate_name FROM my_article a left join my_category as b on b.id = a.sort_id  WHERE a.article_title LIKE '\'%1111%\'' LIMIT 0,10   [ RunTime:0.0010s ]
NOTIC: [2] Invalid argument supplied for foreach() D:\web\www\myblog\app\Admin\Model\ArticleModel.class.php ç¬¬ 82 è¡Œ.

[ 2015-06-01T18:59:13+08:00 ] 127.0.0.1 /admin/article/search.html
INFO: [ app_init ] --START--
INFO: Run Behavior\BuildLiteBehavior [ RunTime:0.000000s ]
INFO: [ app_init ] --END-- [ RunTime:0.002000s ]
INFO: [ app_begin ] --START--
INFO: Run Behavior\ReadHtmlCacheBehavior [ RunTime:0.003000s ]
INFO: Run Behavior\CheckLangBehavior [ RunTime:0.004000s ]
INFO: [ app_begin ] --END-- [ RunTime:0.008001s ]
SQL: SHOW COLUMNS FROM `my_article` [ RunTime:0.0160s ]
NOTIC: [8] Undefined variable: page D:\web\www\myblog\app\Admin\Controller\ArticleController.class.php ç¬¬ 106 è¡Œ.
SQL: SHOW COLUMNS FROM `my_article` [ RunTime:0.0150s ]
SQL: SELECT a.id,a.article_title,a.sort_id,a.click,a.add_time,a.a_hot,b.cate_name FROM my_article a left join my_category as b on b.id = a.sort_id  WHERE a.article_title LIKE '\'%1111%\'' LIMIT 0,10   [ RunTime:0.0010s ]
NOTIC: [2] Invalid argument supplied for foreach() D:\web\www\myblog\app\Admin\Model\ArticleModel.class.php ç¬¬ 82 è¡Œ.

[ 2015-06-01T18:59:16+08:00 ] 127.0.0.1 /admin/article/list.html
INFO: [ app_init ] --START--
INFO: Run Behavior\BuildLiteBehavior [ RunTime:0.000000s ]
INFO: [ app_init ] --END-- [ RunTime:0.001000s ]

[ 2015-06-01T18:59:17+08:00 ] 127.0.0.1 /admin/article/list.html
INFO: [ app_init ] --START--
INFO: Run Behavior\BuildLiteBehavior [ RunTime:0.000000s ]
INFO: [ app_init ] --END-- [ RunTime:0.000000s ]
INFO: [ app_begin ] --START--
INFO: Run Behavior\ReadHtmlCacheBehavior [ RunTime:0.001000s ]
INFO: Run Behavior\CheckLangBehavior [ RunTime:0.002000s ]
INFO: [ app_begin ] --END-- [ RunTime:0.003000s ]
SQL: SHOW COLUMNS FROM `my_article` [ RunTime:0.0050s ]
SQL: SHOW COLUMNS FROM `my_article` [ RunTime:0.0040s ]
SQL: SELECT a.id,a.article_title,a.sort_id,a.click,a.add_time,a.a_hot,b.cate_name FROM my_article a left join my_category as b on b.id = a.sort_id  LIMIT 0,6   [ RunTime:0.0000s ]

[ 2015-06-01T18:59:19+08:00 ] 127.0.0.1 /admin/article/search.html
INFO: [ app_init ] --START--
INFO: Run Behavior\BuildLiteBehavior [ RunTime:0.000000s ]
INFO: [ app_init ] --END-- [ RunTime:0.002000s ]
INFO: [ app_begin ] --START--
INFO: Run Behavior\ReadHtmlCacheBehavior [ RunTime:0.003000s ]
INFO: Run Behavior\CheckLangBehavior [ RunTime:0.004000s ]
INFO: [ app_begin ] --END-- [ RunTime:0.007000s ]
SQL: SHOW COLUMNS FROM `my_article` [ RunTime:0.0160s ]
NOTIC: [8] Undefined variable: page D:\web\www\myblog\app\Admin\Controller\ArticleController.class.php ç¬¬ 106 è¡Œ.
SQL: SHOW COLUMNS FROM `my_article` [ RunTime:0.0150s ]
SQL: SELECT a.id,a.article_title,a.sort_id,a.click,a.add_time,a.a_hot,b.cate_name FROM my_article a left join my_category as b on b.id = a.sort_id  WHERE a.article_title LIKE '\'%1%\'' LIMIT 0,10   [ RunTime:0.0030s ]
NOTIC: [2] Invalid argument supplied for foreach() D:\web\www\myblog\app\Admin\Model\ArticleModel.class.php ç¬¬ 82 è¡Œ.

[ 2015-06-01T19:01:55+08:00 ] 127.0.0.1 /admin/article/list.html
INFO: [ app_init ] --START--
INFO: Run Behavior\BuildLiteBehavior [ RunTime:0.000000s ]
INFO: [ app_init ] --END-- [ RunTime:0.002000s ]

[ 2015-06-01T19:01:56+08:00 ] 127.0.0.1 /admin/article/list.html
INFO: [ app_init ] --START--
INFO: Run Behavior\BuildLiteBehavior [ RunTime:0.000000s ]
INFO: [ app_init ] --END-- [ RunTime:0.000000s ]
INFO: [ app_begin ] --START--
INFO: Run Behavior\ReadHtmlCacheBehavior [ RunTime:0.001000s ]
INFO: Run Behavior\CheckLangBehavior [ RunTime:0.001000s ]
INFO: [ app_begin ] --END-- [ RunTime:0.002000s ]
SQL: SHOW COLUMNS FROM `my_article` [ RunTime:0.0050s ]
SQL: SHOW COLUMNS FROM `my_article` [ RunTime:0.0040s ]
SQL: SELECT a.id,a.article_title,a.sort_id,a.click,a.add_time,a.a_hot,b.cate_name FROM my_article a left join my_category as b on b.id = a.sort_id  LIMIT 0,6   [ RunTime:0.0000s ]

[ 2015-06-01T19:02:01+08:00 ] 127.0.0.1 /admin/article/list.html
INFO: [ app_init ] --START--
INFO: Run Behavior\BuildLiteBehavior [ RunTime:0.001000s ]
INFO: [ app_init ] --END-- [ RunTime:0.004000s ]

[ 2015-06-01T19:02:02+08:00 ] 127.0.0.1 /admin/article/list.html
INFO: [ app_init ] --START--
INFO: Run Behavior\BuildLiteBehavior [ RunTime:0.000000s ]
INFO: [ app_init ] --END-- [ RunTime:0.000000s ]
INFO: [ app_begin ] --START--
INFO: Run Behavior\ReadHtmlCacheBehavior [ RunTime:0.001000s ]
INFO: Run Behavior\CheckLangBehavior [ RunTime:0.001001s ]
INFO: [ app_begin ] --END-- [ RunTime:0.002001s ]
SQL: SHOW COLUMNS FROM `my_article` [ RunTime:0.0040s ]
SQL: SHOW COLUMNS FROM `my_article` [ RunTime:0.0040s ]
SQL: SELECT a.id,a.article_title,a.sort_id,a.click,a.add_time,a.a_hot,b.cate_name FROM my_article a left join my_category as b on b.id = a.sort_id  LIMIT 0,6   [ RunTime:0.0010s ]

[ 2015-06-01T19:02:17+08:00 ] 127.0.0.1 /admin/article/search.html
INFO: [ app_init ] --START--
INFO: Run Behavior\BuildLiteBehavior [ RunTime:0.000000s ]
INFO: [ app_init ] --END-- [ RunTime:0.002000s ]
INFO: [ app_begin ] --START--
INFO: Run Behavior\ReadHtmlCacheBehavior [ RunTime:0.003000s ]
INFO: Run Behavior\CheckLangBehavior [ RunTime:0.004000s ]
INFO: [ app_begin ] --END-- [ RunTime:0.007000s ]
SQL: SHOW COLUMNS FROM `my_article` [ RunTime:0.0150s ]
NOTIC: [8] Undefined variable: page D:\web\www\myblog\app\Admin\Controller\ArticleController.class.php ç¬¬ 106 è¡Œ.
SQL: SHOW COLUMNS FROM `my_article` [ RunTime:0.0130s ]
SQL: SELECT a.id,a.article_title,a.sort_id,a.click,a.add_time,a.a_hot,b.cate_name FROM my_article a left join my_category as b on b.id = a.sort_id  WHERE a.article_title LIKE '\'%1%\'' LIMIT 0,10   [ RunTime:0.0010s ]
NOTIC: [2] Invalid argument supplied for foreach() D:\web\www\myblog\app\Admin\Model\ArticleModel.class.php ç¬¬ 82 è¡Œ.

[ 2015-06-01T19:04:19+08:00 ] 127.0.0.1 /admin/article/list.html
INFO: [ app_init ] --START--
INFO: Run Behavior\BuildLiteBehavior [ RunTime:0.000000s ]
INFO: [ app_init ] --END-- [ RunTime:0.001000s ]

[ 2015-06-01T19:04:22+08:00 ] 127.0.0.1 /admin/article/list.html
INFO: [ app_init ] --START--
INFO: Run Behavior\BuildLiteBehavior [ RunTime:0.000000s ]
INFO: [ app_init ] --END-- [ RunTime:0.003000s ]
INFO: [ app_begin ] --START--
INFO: Run Behavior\ReadHtmlCacheBehavior [ RunTime:0.003000s ]
INFO: Run Behavior\CheckLangBehavior [ RunTime:0.004000s ]
INFO: [ app_begin ] --END-- [ RunTime:0.008000s ]
SQL: SHOW COLUMNS FROM `my_article` [ RunTime:0.0130s ]
SQL: SHOW COLUMNS FROM `my_article` [ RunTime:0.0140s ]
SQL: SELECT a.id,a.article_title,a.sort_id,a.click,a.add_time,a.a_hot,b.cate_name FROM my_article a left join my_category as b on b.id = a.sort_id  LIMIT 0,6   [ RunTime:0.0010s ]

[ 2015-06-01T19:05:09+08:00 ] 127.0.0.1 /admin/article/list.html
INFO: [ app_init ] --START--
INFO: Run Behavior\BuildLiteBehavior [ RunTime:0.000000s ]
INFO: [ app_init ] --END-- [ RunTime:0.002000s ]

[ 2015-06-01T19:05:12+08:00 ] 127.0.0.1 /admin/article/list.html
INFO: [ app_init ] --START--
INFO: Run Behavior\BuildLiteBehavior [ RunTime:0.000000s ]
INFO: [ app_init ] --END-- [ RunTime:0.001000s ]
INFO: [ app_begin ] --START--
INFO: Run Behavior\ReadHtmlCacheBehavior [ RunTime:0.001000s ]
INFO: Run Behavior\CheckLangBehavior [ RunTime:0.002001s ]
INFO: [ app_begin ] --END-- [ RunTime:0.003001s ]
SQL: SHOW COLUMNS FROM `my_article` [ RunTime:0.0050s ]
SQL: SHOW COLUMNS FROM `my_article` [ RunTime:0.0060s ]
SQL: SELECT a.id,a.article_title,a.sort_id,a.click,a.add_time,a.a_hot,b.cate_name FROM my_article a left join my_category as b on b.id = a.sort_id  LIMIT 0,6   [ RunTime:0.0000s ]

[ 2015-06-01T19:05:46+08:00 ] 127.0.0.1 /admin/article/list.html
INFO: [ app_init ] --START--
INFO: Run Behavior\BuildLiteBehavior [ RunTime:0.000000s ]
INFO: [ app_init ] --END-- [ RunTime:0.001000s ]

[ 2015-06-01T19:05:46+08:00 ] 127.0.0.1 /admin/article/list.html
INFO: [ app_init ] --START--
INFO: Run Behavior\BuildLiteBehavior [ RunTime:0.000000s ]
INFO: [ app_init ] --END-- [ RunTime:0.001000s ]
INFO: [ app_begin ] --START--
INFO: Run Behavior\ReadHtmlCacheBehavior [ RunTime:0.001001s ]
INFO: Run Behavior\CheckLangBehavior [ RunTime:0.001000s ]
INFO: [ app_begin ] --END-- [ RunTime:0.002001s ]
SQL: SHOW COLUMNS FROM `my_article` [ RunTime:0.0040s ]
SQL: SHOW COLUMNS FROM `my_article` [ RunTime:0.0050s ]
SQL: SELECT a.id,a.article_title,a.sort_id,a.click,a.add_time,a.a_hot,b.cate_name FROM my_article a left join my_category as b on b.id = a.sort_id  LIMIT 0,6   [ RunTime:0.0000s ]

[ 2015-06-01T19:05:54+08:00 ] 127.0.0.1 /admin/category/list.html
INFO: [ app_init ] --START--
INFO: Run Behavior\BuildLiteBehavior [ RunTime:0.001000s ]
INFO: [ app_init ] --END-- [ RunTime:0.004000s ]

[ 2015-06-01T19:05:59+08:00 ] 127.0.0.1 /admin/article/add.html
INFO: [ app_init ] --START--
INFO: Run Behavior\BuildLiteBehavior [ RunTime:0.000000s ]
INFO: [ app_init ] --END-- [ RunTime:0.000000s ]

[ 2015-06-01T19:06:04+08:00 ] 127.0.0.1 /admin/category/list.html
INFO: [ app_init ] --START--
INFO: Run Behavior\BuildLiteBehavior [ RunTime:0.000000s ]
INFO: [ app_init ] --END-- [ RunTime:0.001001s ]

[ 2015-06-01T19:11:31+08:00 ] 127.0.0.1 /admin/category/list.html
INFO: [ app_init ] --START--
INFO: Run Behavior\BuildLiteBehavior [ RunTime:0.000000s ]
INFO: [ app_init ] --END-- [ RunTime:0.001000s ]

[ 2015-06-01T19:12:15+08:00 ] 127.0.0.1 /admin/category/list.html
INFO: [ app_init ] --START--
INFO: Run Behavior\BuildLiteBehavior [ RunTime:0.001000s ]
INFO: [ app_init ] --END-- [ RunTime:0.002000s ]

[ 2015-06-01T19:12:33+08:00 ] 127.0.0.1 /admin/category/list.html
INFO: [ app_init ] --START--
INFO: Run Behavior\BuildLiteBehavior [ RunTime:0.000000s ]
INFO: [ app_init ] --END-- [ RunTime:0.000000s ]

[ 2015-06-01T19:12:50+08:00 ] 127.0.0.1 /admin/category/list.html
INFO: [ app_init ] --START--
INFO: Run Behavior\BuildLiteBehavior [ RunTime:0.000000s ]
INFO: [ app_init ] --END-- [ RunTime:0.002001s ]

[ 2015-06-01T19:13:14+08:00 ] 127.0.0.1 /admin/category/list.html
INFO: [ app_init ] --START--
INFO: Run Behavior\BuildLiteBehavior [ RunTime:0.000000s ]
INFO: [ app_init ] --END-- [ RunTime:0.000000s ]

[ 2015-06-01T19:15:09+08:00 ] 127.0.0.1 /admin/category/list.html
INFO: [ app_init ] --START--
INFO: Run Behavior\BuildLiteBehavior [ RunTime:0.000000s ]
INFO: [ app_init ] --END-- [ RunTime:0.002000s ]

[ 2015-06-01T19:15:34+08:00 ] 127.0.0.1 /admin/category/list.html
INFO: [ app_init ] --START--
INFO: Run Behavior\BuildLiteBehavior [ RunTime:0.000000s ]
INFO: [ app_init ] --END-- [ RunTime:0.000000s ]

[ 2015-06-01T19:15:54+08:00 ] 127.0.0.1 /admin/category/list.html
INFO: [ app_init ] --START--
INFO: Run Behavior\BuildLiteBehavior [ RunTime:0.000000s ]
INFO: [ app_init ] --END-- [ RunTime:0.000000s ]

[ 2015-06-01T19:16:07+08:00 ] 127.0.0.1 /admin/category/list.html
INFO: [ app_init ] --START--
INFO: Run Behavior\BuildLiteBehavior [ RunTime:0.000000s ]
INFO: [ app_init ] --END-- [ RunTime:0.000000s ]

[ 2015-06-01T19:16:22+08:00 ] 127.0.0.1 /admin/category/list.html
INFO: [ app_init ] --START--
INFO: Run Behavior\BuildLiteBehavior [ RunTime:0.000000s ]
INFO: [ app_init ] --END-- [ RunTime:0.001000s ]

[ 2015-06-01T19:16:40+08:00 ] 127.0.0.1 /admin/category/list.html
INFO: [ app_init ] --START--
INFO: Run Behavior\BuildLiteBehavior [ RunTime:0.000000s ]
INFO: [ app_init ] --END-- [ RunTime:0.001000s ]

[ 2015-06-01T19:17:24+08:00 ] 127.0.0.1 /admin/article/add.html
INFO: [ app_init ] --START--
INFO: Run Behavior\BuildLiteBehavior [ RunTime:0.000000s ]
INFO: [ app_init ] --END-- [ RunTime:0.002000s ]

[ 2015-06-01T19:18:10+08:00 ] 127.0.0.1 /admin/category/list.html
INFO: [ app_init ] --START--
INFO: Run Behavior\BuildLiteBehavior [ RunTime:0.000000s ]
INFO: [ app_init ] --END-- [ RunTime:0.001000s ]

[ 2015-06-01T19:18:13+08:00 ] 127.0.0.1 /admin/category/add.html
INFO: [ app_init ] --START--
INFO: Run Behavior\BuildLiteBehavior [ RunTime:0.000000s ]
INFO: [ app_init ] --END-- [ RunTime:0.003001s ]
ERR: æ¨¡æ¿ä¸å­˜åœ¨:./app/Admin/View/Category/cate_add.html

[ 2015-06-01T19:21:28+08:00 ] 127.0.0.1 /admin/category/add.html
INFO: [ app_init ] --START--
INFO: Run Behavior\BuildLiteBehavior [ RunTime:0.000000s ]
INFO: [ app_init ] --END-- [ RunTime:0.003000s ]

[ 2015-06-01T19:21:35+08:00 ] 127.0.0.1 /admin/setting/index.html
INFO: [ app_init ] --START--
INFO: Run Behavior\BuildLiteBehavior [ RunTime:0.000000s ]
INFO: [ app_init ] --END-- [ RunTime:0.003001s ]

[ 2015-06-01T19:21:39+08:00 ] 127.0.0.1 /admin/article/list.html
INFO: [ app_init ] --START--
INFO: Run Behavior\BuildLiteBehavior [ RunTime:0.000000s ]
INFO: [ app_init ] --END-- [ RunTime:0.002000s ]

[ 2015-06-01T19:21:41+08:00 ] 127.0.0.1 /admin/article/list.html
INFO: [ app_init ] --START--
INFO: Run Behavior\BuildLiteBehavior [ RunTime:0.000000s ]
INFO: [ app_init ] --END-- [ RunTime:0.001000s ]
INFO: [ app_begin ] --START--
INFO: Run Behavior\ReadHtmlCacheBehavior [ RunTime:0.003000s ]
INFO: Run Behavior\CheckLangBehavior [ RunTime:0.003000s ]
INFO: [ app_begin ] --END-- [ RunTime:0.007000s ]
SQL: SHOW COLUMNS FROM `my_article` [ RunTime:0.0160s ]
SQL: SHOW COLUMNS FROM `my_article` [ RunTime:0.0170s ]
SQL: SELECT a.id,a.article_title,a.sort_id,a.click,a.add_time,a.a_hot,b.cate_name FROM my_article a left join my_category as b on b.id = a.sort_id  LIMIT 0,6   [ RunTime:0.0010s ]

[ 2015-06-01T19:21:43+08:00 ] 127.0.0.1 /admin/article/form-elements.html
INFO: [ app_init ] --START--
INFO: Run Behavior\BuildLiteBehavior [ RunTime:0.000000s ]
INFO: [ app_init ] --END-- [ RunTime:0.000000s ]
ERR: éžæ³•æ“ä½œ:form-elements

[ 2015-06-01T19:21:49+08:00 ] 127.0.0.1 /admin/main/index.html
INFO: [ app_init ] --START--
INFO: Run Behavior\BuildLiteBehavior [ RunTime:0.000000s ]
INFO: [ app_init ] --END-- [ RunTime:0.000000s ]

